Change Component Comment : Designator=R3 Old Comment=1K New Comment=10K
Added Component: Designator=P1(HDR1X6)
Add component (AddParameter): Name = "LatestRevisionDate"; Value = "17-Jul-2002"; VariantName = "[No Variations]"
Add component (AddParameter): Name = "LatestRevisionNote"; Value = "Re-released for DXP Platform."; VariantName = "[No Variations]"
Add component (AddParameter): Name = "Publisher"; Value = "Altium Limited"; VariantName = "[No Variations]"
Added Component: Designator=P2(HDR1X4)
Add component (AddParameter): Name = "LatestRevisionDate"; Value = "17-Jul-2002"; VariantName = "[No Variations]"
Add component (AddParameter): Name = "LatestRevisionNote"; Value = "Re-released for DXP Platform."; VariantName = "[No Variations]"
Add component (AddParameter): Name = "Publisher"; Value = "Altium Limited"; VariantName = "[No Variations]"
Added Pin To Net: NetName=S+ Pin=P1-1
Added Pin To Net: NetName=S+ Pin=P1-4
Added Pin To Net: NetName=NetC2 Pin=IC1-5
Added Pin To Net: NetName=NetC2 Pin=P1-2
Added Pin To Net: NetName=NetC2 Pin=P1-3
Added Pin To Net: NetName=NetC2 Pin=P1-5
Added Pin To Net: NetName=NetC2 Pin=P2-3
Added Net: Name=NetC2
Added Pin To Net: NetName=NetC4 Pin=IC1-7
Added Pin To Net: NetName=NetC4 Pin=P2-2
Added Net: Name=NetC4
Added Pin To Net: NetName=NetP1_6 Pin=P1-6
Added Pin To Net: NetName=NetP1_6 Pin=P2-1
Added Net: Name=NetP1_6
Added Pin To Net: NetName=NetP2_4 Pin=P2-4
Added Net: Name=NetP2_4
Added Member To Class: ClassName=Sheet2 Member=Component P1 Header 6
Added Member To Class: ClassName=Sheet2 Member=Component P2 Header 4
Added Room: Name=Sheet2
