Added Component: Designator=C1(0402)
Added Component: Designator=C2(0402)
Added Component: Designator=C3(0402)
Added Component: Designator=C4(0402)
Added Component: Designator=IC1(SO8_M)
Added Component: Designator=P1(HDR1X6)
Add component (AddParameter): Name = "LatestRevisionDate"; Value = "17-Jul-2002"; VariantName = "[No Variations]"
Add component (AddParameter): Name = "LatestRevisionNote"; Value = "Re-released for DXP Platform."; VariantName = "[No Variations]"
Add component (AddParameter): Name = "Publisher"; Value = "Altium Limited"; VariantName = "[No Variations]"
Added Component: Designator=P2(HDR1X4)
Add component (AddParameter): Name = "LatestRevisionDate"; Value = "17-Jul-2002"; VariantName = "[No Variations]"
Add component (AddParameter): Name = "LatestRevisionNote"; Value = "Re-released for DXP Platform."; VariantName = "[No Variations]"
Add component (AddParameter): Name = "Publisher"; Value = "Altium Limited"; VariantName = "[No Variations]"
Added Component: Designator=R1(0402-A)
Added Component: Designator=R2(0402-A)
Added Component: Designator=R3(0402-A)
Added Component: Designator=R4(0402-A)
Added Pin To Net: NetName=NetC1 Pin=IC1-3
Added Net: Name=NetC1
Added Pin To Net: NetName=NetC2 Pin=IC1-5
Added Pin To Net: NetName=NetC2 Pin=P1-2
Added Pin To Net: NetName=NetC2 Pin=P1-3
Added Pin To Net: NetName=NetC2 Pin=P1-5
Added Pin To Net: NetName=NetC2 Pin=P2-3
Added Net: Name=NetC2
Added Pin To Net: NetName=NetC4 Pin=IC1-7
Added Pin To Net: NetName=NetC4 Pin=P2-2
Added Net: Name=NetC4
Added Pin To Net: NetName=NetIC1_1 Pin=IC1-1
Added Net: Name=NetIC1_1
Added Pin To Net: NetName=NetIC1_6 Pin=IC1-6
Added Net: Name=NetIC1_6
Added Pin To Net: NetName=NetIC1_8 Pin=IC1-8
Added Net: Name=NetIC1_8
Added Pin To Net: NetName=NetP1_6 Pin=P1-6
Added Pin To Net: NetName=NetP1_6 Pin=P2-1
Added Net: Name=NetP1_6
Added Pin To Net: NetName=NetP2_4 Pin=P2-4
Added Net: Name=NetP2_4
Added Pin To Net: NetName=S+ Pin=P1-1
Added Pin To Net: NetName=S+ Pin=P1-4
Added Net: Name=S+
Added Pin To Net: NetName=V- Pin=IC1-4
Added Net: Name=V-
Added Class: Name=Sheet2
Added Room: Name=Sheet2
