Change Component Comment : Designator=C10 Old Comment=Cap Pol3 New Comment=1uF
Change Component Comment : Designator=C1 Old Comment=Cap Semi New Comment=0.1uf
Change Component Comment : Designator=C3 Old Comment=Cap Semi New Comment=0.1uf
Change Component Comment : Designator=C4 Old Comment=Cap Semi New Comment=0.1uf
Change Component Comment : Designator=C5 Old Comment=Cap Semi New Comment=0.1uf
Change Component Comment : Designator=C11 Old Comment=Cap Semi New Comment=0.1uf
Change Component Comment : Designator=C15 Old Comment=Cap Semi New Comment=0.1uF
Change Component Comment : Designator=C16 Old Comment=Cap Semi New Comment=0.1uf
Change Component Comment : Designator=C2 Old Comment=Cap Semi New Comment=1uf
Change Component Comment : Designator=C12 Old Comment=Cap Semi New Comment=2.2uF
Change Component Comment : Designator=C14 Old Comment=Cap Semi New Comment=10uF
Change Component Comment : Designator=C6 Old Comment=Cap Semi New Comment=22pF
Change Component Comment : Designator=C7 Old Comment=Cap Semi New Comment=22pF
Change Component Comment : Designator=C8 Old Comment=Cap Semi New Comment=22pF
Change Component Comment : Designator=C9 Old Comment=Cap Semi New Comment=22pF
Change Component Comment : Designator=C17 Old Comment=Cap Semi New Comment=22uf
Change Component Comment : Designator=C13 Old Comment=Cap Semi New Comment=470pF
Change Component Comment : Designator=D2 Old Comment=LED New Comment=LED_Blue
Change Component Comment : Designator=D3 Old Comment=LED New Comment=LED_Green
Change Component Comment : Designator=D1 Old Comment=LED New Comment=LED_Red
Change Component Comment : Designator=R5 Old Comment=Res3 New Comment=1K
Change Component Comment : Designator=R6 Old Comment=Res3 New Comment=1K
Change Component Comment : Designator=R1 Old Comment=Res3 New Comment=10K
Change Component Comment : Designator=R2 Old Comment=Res3 New Comment=10K
Change Component Comment : Designator=R4 Old Comment=Res3 New Comment=10K
Change Component Comment : Designator=R9 Old Comment=Res3 New Comment=10K
Change Component Comment : Designator=R10 Old Comment=Res3 New Comment=10K
Change Component Comment : Designator=R11 Old Comment=Res3 New Comment=10K
Change Component Comment : Designator=R12 Old Comment=Res3 New Comment=10K
Change Component Comment : Designator=R13 Old Comment=Res3 New Comment=10K
Change Component Comment : Designator=R14 Old Comment=Res3 New Comment=10K
Change Component Comment : Designator=R15 Old Comment=Res3 New Comment=10K
Change Component Comment : Designator=R16 Old Comment=Res3 New Comment=10K
Change Component Comment : Designator=R19 Old Comment=Res3 New Comment=10K
Change Component Comment : Designator=R20 Old Comment=Res3 New Comment=10K
Change Component Comment : Designator=R3 Old Comment=Res3 New Comment=10M
Change Component Comment : Designator=R18 Old Comment=Res3 New Comment=100k
Change Component Comment : Designator=R7 Old Comment=Res3 New Comment=330
Change Component Comment : Designator=R8 Old Comment=Res3 New Comment=330
Change Component Comment : Designator=R17 Old Comment=Res3 New Comment=525K
Change Component Designator: OldDesignator=SWD NewDesignator=J1
Added Member To Class: ClassName=Sheet1 Member=Component L1 10UH
Added Room: Name=Sheet1
