Added Component: Designator=C1(6-0805_L)
Add component. Clean all parameters for all variants
Add component (AddParameter): Name = "LatestRevisionDate"; Value = "29-May-2009"; VariantName = "[No Variations]"
Add component (AddParameter): Name = "LatestRevisionNote"; Value = "IPC-7351 Footprint Added."; VariantName = "[No Variations]"
Add component (AddParameter): Name = "PackageDescription"; Value = "Chip Capacitor"; VariantName = "[No Variations]"
Add component (AddParameter): Name = "PackageReference"; Value = "C1206"; VariantName = "[No Variations]"
Add component (AddParameter): Name = "Published"; Value = "8-Jun-2000"; VariantName = "[No Variations]"
Add component (AddParameter): Name = "Publisher"; Value = "Altium Limited"; VariantName = "[No Variations]"
Add component (AddParameter): Name = "Value"; Value = "104"; VariantName = "[No Variations]"
Added Component: Designator=C2(6-0805_L)
Add component. Clean all parameters for all variants
Add component (AddParameter): Name = "LatestRevisionDate"; Value = "29-May-2009"; VariantName = "[No Variations]"
Add component (AddParameter): Name = "LatestRevisionNote"; Value = "IPC-7351 Footprint Added."; VariantName = "[No Variations]"
Add component (AddParameter): Name = "PackageDescription"; Value = "Chip Capacitor"; VariantName = "[No Variations]"
Add component (AddParameter): Name = "PackageReference"; Value = "C1206"; VariantName = "[No Variations]"
Add component (AddParameter): Name = "Published"; Value = "8-Jun-2000"; VariantName = "[No Variations]"
Add component (AddParameter): Name = "Publisher"; Value = "Altium Limited"; VariantName = "[No Variations]"
Add component (AddParameter): Name = "Value"; Value = "1uf"; VariantName = "[No Variations]"
Added Component: Designator=C3(6-0805_L)
Add component. Clean all parameters for all variants
Add component (AddParameter): Name = "LatestRevisionDate"; Value = "29-May-2009"; VariantName = "[No Variations]"
Add component (AddParameter): Name = "LatestRevisionNote"; Value = "IPC-7351 Footprint Added."; VariantName = "[No Variations]"
Add component (AddParameter): Name = "PackageDescription"; Value = "Chip Capacitor"; VariantName = "[No Variations]"
Add component (AddParameter): Name = "PackageReference"; Value = "C1206"; VariantName = "[No Variations]"
Add component (AddParameter): Name = "Published"; Value = "8-Jun-2000"; VariantName = "[No Variations]"
Add component (AddParameter): Name = "Publisher"; Value = "Altium Limited"; VariantName = "[No Variations]"
Add component (AddParameter): Name = "Value"; Value = "104"; VariantName = "[No Variations]"
Added Component: Designator=C4(6-0805_L)
Add component. Clean all parameters for all variants
Add component (AddParameter): Name = "LatestRevisionDate"; Value = "29-May-2009"; VariantName = "[No Variations]"
Add component (AddParameter): Name = "LatestRevisionNote"; Value = "IPC-7351 Footprint Added."; VariantName = "[No Variations]"
Add component (AddParameter): Name = "PackageDescription"; Value = "Chip Capacitor"; VariantName = "[No Variations]"
Add component (AddParameter): Name = "PackageReference"; Value = "C1206"; VariantName = "[No Variations]"
Add component (AddParameter): Name = "Published"; Value = "8-Jun-2000"; VariantName = "[No Variations]"
Add component (AddParameter): Name = "Publisher"; Value = "Altium Limited"; VariantName = "[No Variations]"
Add component (AddParameter): Name = "Value"; Value = "104"; VariantName = "[No Variations]"
Added Component: Designator=C5(6-0805_L)
Add component. Clean all parameters for all variants
Add component (AddParameter): Name = "LatestRevisionDate"; Value = "29-May-2009"; VariantName = "[No Variations]"
Add component (AddParameter): Name = "LatestRevisionNote"; Value = "IPC-7351 Footprint Added."; VariantName = "[No Variations]"
Add component (AddParameter): Name = "PackageDescription"; Value = "Chip Capacitor"; VariantName = "[No Variations]"
Add component (AddParameter): Name = "PackageReference"; Value = "C1206"; VariantName = "[No Variations]"
Add component (AddParameter): Name = "Published"; Value = "8-Jun-2000"; VariantName = "[No Variations]"
Add component (AddParameter): Name = "Publisher"; Value = "Altium Limited"; VariantName = "[No Variations]"
Add component (AddParameter): Name = "Value"; Value = "104"; VariantName = "[No Variations]"
Added Component: Designator=C6(6-0805_L)
Add component. Clean all parameters for all variants
Add component (AddParameter): Name = "LatestRevisionDate"; Value = "29-May-2009"; VariantName = "[No Variations]"
Add component (AddParameter): Name = "LatestRevisionNote"; Value = "IPC-7351 Footprint Added."; VariantName = "[No Variations]"
Add component (AddParameter): Name = "PackageDescription"; Value = "Chip Capacitor"; VariantName = "[No Variations]"
Add component (AddParameter): Name = "PackageReference"; Value = "C1206"; VariantName = "[No Variations]"
Add component (AddParameter): Name = "Published"; Value = "8-Jun-2000"; VariantName = "[No Variations]"
Add component (AddParameter): Name = "Publisher"; Value = "Altium Limited"; VariantName = "[No Variations]"
Add component (AddParameter): Name = "Value"; Value = "22pF"; VariantName = "[No Variations]"
Added Component: Designator=C7(6-0805_L)
Add component. Clean all parameters for all variants
Add component (AddParameter): Name = "LatestRevisionDate"; Value = "29-May-2009"; VariantName = "[No Variations]"
Add component (AddParameter): Name = "LatestRevisionNote"; Value = "IPC-7351 Footprint Added."; VariantName = "[No Variations]"
Add component (AddParameter): Name = "PackageDescription"; Value = "Chip Capacitor"; VariantName = "[No Variations]"
Add component (AddParameter): Name = "PackageReference"; Value = "C1206"; VariantName = "[No Variations]"
Add component (AddParameter): Name = "Published"; Value = "8-Jun-2000"; VariantName = "[No Variations]"
Add component (AddParameter): Name = "Publisher"; Value = "Altium Limited"; VariantName = "[No Variations]"
Add component (AddParameter): Name = "Value"; Value = "22pF"; VariantName = "[No Variations]"
Added Component: Designator=C8(6-0805_L)
Add component. Clean all parameters for all variants
Add component (AddParameter): Name = "LatestRevisionDate"; Value = "29-May-2009"; VariantName = "[No Variations]"
Add component (AddParameter): Name = "LatestRevisionNote"; Value = "IPC-7351 Footprint Added."; VariantName = "[No Variations]"
Add component (AddParameter): Name = "PackageDescription"; Value = "Chip Capacitor"; VariantName = "[No Variations]"
Add component (AddParameter): Name = "PackageReference"; Value = "C1206"; VariantName = "[No Variations]"
Add component (AddParameter): Name = "Published"; Value = "8-Jun-2000"; VariantName = "[No Variations]"
Add component (AddParameter): Name = "Publisher"; Value = "Altium Limited"; VariantName = "[No Variations]"
Add component (AddParameter): Name = "Value"; Value = "22pF"; VariantName = "[No Variations]"
Added Component: Designator=C9(6-0805_L)
Add component. Clean all parameters for all variants
Add component (AddParameter): Name = "LatestRevisionDate"; Value = "29-May-2009"; VariantName = "[No Variations]"
Add component (AddParameter): Name = "LatestRevisionNote"; Value = "IPC-7351 Footprint Added."; VariantName = "[No Variations]"
Add component (AddParameter): Name = "PackageDescription"; Value = "Chip Capacitor"; VariantName = "[No Variations]"
Add component (AddParameter): Name = "PackageReference"; Value = "C1206"; VariantName = "[No Variations]"
Add component (AddParameter): Name = "Published"; Value = "8-Jun-2000"; VariantName = "[No Variations]"
Add component (AddParameter): Name = "Publisher"; Value = "Altium Limited"; VariantName = "[No Variations]"
Add component (AddParameter): Name = "Value"; Value = "22pF"; VariantName = "[No Variations]"
Added Component: Designator=C10(C0805)
Add component. Clean all parameters for all variants
Add component (AddParameter): Name = "LatestRevisionDate"; Value = "29-May-2009"; VariantName = "[No Variations]"
Add component (AddParameter): Name = "LatestRevisionNote"; Value = "IPC-7351 Footprint Added."; VariantName = "[No Variations]"
Add component (AddParameter): Name = "PackageDescription"; Value = "Chip Capacitor"; VariantName = "[No Variations]"
Add component (AddParameter): Name = "PackageReference"; Value = "C0805"; VariantName = "[No Variations]"
Add component (AddParameter): Name = "Published"; Value = "8-Jun-2000"; VariantName = "[No Variations]"
Add component (AddParameter): Name = "Publisher"; Value = "Altium Limited"; VariantName = "[No Variations]"
Add component (AddParameter): Name = "Value"; Value = "1uF"; VariantName = "[No Variations]"
Added Component: Designator=C11(6-0805_L)
Add component. Clean all parameters for all variants
Add component (AddParameter): Name = "LatestRevisionDate"; Value = "29-May-2009"; VariantName = "[No Variations]"
Add component (AddParameter): Name = "LatestRevisionNote"; Value = "IPC-7351 Footprint Added."; VariantName = "[No Variations]"
Add component (AddParameter): Name = "PackageDescription"; Value = "Chip Capacitor"; VariantName = "[No Variations]"
Add component (AddParameter): Name = "PackageReference"; Value = "C1206"; VariantName = "[No Variations]"
Add component (AddParameter): Name = "Published"; Value = "8-Jun-2000"; VariantName = "[No Variations]"
Add component (AddParameter): Name = "Publisher"; Value = "Altium Limited"; VariantName = "[No Variations]"
Add component (AddParameter): Name = "Value"; Value = "104"; VariantName = "[No Variations]"
Added Component: Designator=C12(6-0805_L)
Add component. Clean all parameters for all variants
Add component (AddParameter): Name = "LatestRevisionDate"; Value = "29-May-2009"; VariantName = "[No Variations]"
Add component (AddParameter): Name = "LatestRevisionNote"; Value = "IPC-7351 Footprint Added."; VariantName = "[No Variations]"
Add component (AddParameter): Name = "PackageDescription"; Value = "Chip Capacitor"; VariantName = "[No Variations]"
Add component (AddParameter): Name = "PackageReference"; Value = "C1206"; VariantName = "[No Variations]"
Add component (AddParameter): Name = "Published"; Value = "8-Jun-2000"; VariantName = "[No Variations]"
Add component (AddParameter): Name = "Publisher"; Value = "Altium Limited"; VariantName = "[No Variations]"
Add component (AddParameter): Name = "Value"; Value = "2.2uF"; VariantName = "[No Variations]"
Added Component: Designator=C13(6-0805_L)
Add component. Clean all parameters for all variants
Add component (AddParameter): Name = "LatestRevisionDate"; Value = "29-May-2009"; VariantName = "[No Variations]"
Add component (AddParameter): Name = "LatestRevisionNote"; Value = "IPC-7351 Footprint Added."; VariantName = "[No Variations]"
Add component (AddParameter): Name = "PackageDescription"; Value = "Chip Capacitor"; VariantName = "[No Variations]"
Add component (AddParameter): Name = "PackageReference"; Value = "C1206"; VariantName = "[No Variations]"
Add component (AddParameter): Name = "Published"; Value = "8-Jun-2000"; VariantName = "[No Variations]"
Add component (AddParameter): Name = "Publisher"; Value = "Altium Limited"; VariantName = "[No Variations]"
Add component (AddParameter): Name = "Value"; Value = "470pF"; VariantName = "[No Variations]"
Added Component: Designator=C14(6-0805_L)
Add component. Clean all parameters for all variants
Add component (AddParameter): Name = "LatestRevisionDate"; Value = "29-May-2009"; VariantName = "[No Variations]"
Add component (AddParameter): Name = "LatestRevisionNote"; Value = "IPC-7351 Footprint Added."; VariantName = "[No Variations]"
Add component (AddParameter): Name = "PackageDescription"; Value = "Chip Capacitor"; VariantName = "[No Variations]"
Add component (AddParameter): Name = "PackageReference"; Value = "C1206"; VariantName = "[No Variations]"
Add component (AddParameter): Name = "Published"; Value = "8-Jun-2000"; VariantName = "[No Variations]"
Add component (AddParameter): Name = "Publisher"; Value = "Altium Limited"; VariantName = "[No Variations]"
Add component (AddParameter): Name = "Value"; Value = "10uF"; VariantName = "[No Variations]"
Added Component: Designator=C15(6-0805_L)
Add component. Clean all parameters for all variants
Add component (AddParameter): Name = "LatestRevisionDate"; Value = "29-May-2009"; VariantName = "[No Variations]"
Add component (AddParameter): Name = "LatestRevisionNote"; Value = "IPC-7351 Footprint Added."; VariantName = "[No Variations]"
Add component (AddParameter): Name = "PackageDescription"; Value = "Chip Capacitor"; VariantName = "[No Variations]"
Add component (AddParameter): Name = "PackageReference"; Value = "C1206"; VariantName = "[No Variations]"
Add component (AddParameter): Name = "Published"; Value = "8-Jun-2000"; VariantName = "[No Variations]"
Add component (AddParameter): Name = "Publisher"; Value = "Altium Limited"; VariantName = "[No Variations]"
Add component (AddParameter): Name = "Value"; Value = "0.1uF"; VariantName = "[No Variations]"
Added Component: Designator=C16(6-0805_L)
Add component. Clean all parameters for all variants
Add component (AddParameter): Name = "LatestRevisionDate"; Value = "29-May-2009"; VariantName = "[No Variations]"
Add component (AddParameter): Name = "LatestRevisionNote"; Value = "IPC-7351 Footprint Added."; VariantName = "[No Variations]"
Add component (AddParameter): Name = "PackageDescription"; Value = "Chip Capacitor"; VariantName = "[No Variations]"
Add component (AddParameter): Name = "PackageReference"; Value = "C1206"; VariantName = "[No Variations]"
Add component (AddParameter): Name = "Published"; Value = "8-Jun-2000"; VariantName = "[No Variations]"
Add component (AddParameter): Name = "Publisher"; Value = "Altium Limited"; VariantName = "[No Variations]"
Add component (AddParameter): Name = "Value"; Value = "0.1uf"; VariantName = "[No Variations]"
Added Component: Designator=C17(6-0805_L)
Add component. Clean all parameters for all variants
Add component (AddParameter): Name = "LatestRevisionDate"; Value = "29-May-2009"; VariantName = "[No Variations]"
Add component (AddParameter): Name = "LatestRevisionNote"; Value = "IPC-7351 Footprint Added."; VariantName = "[No Variations]"
Add component (AddParameter): Name = "PackageDescription"; Value = "Chip Capacitor"; VariantName = "[No Variations]"
Add component (AddParameter): Name = "PackageReference"; Value = "C1206"; VariantName = "[No Variations]"
Add component (AddParameter): Name = "Published"; Value = "8-Jun-2000"; VariantName = "[No Variations]"
Add component (AddParameter): Name = "Publisher"; Value = "Altium Limited"; VariantName = "[No Variations]"
Add component (AddParameter): Name = "Value"; Value = "22uf"; VariantName = "[No Variations]"
Added Component: Designator=D1(6-0805_M)
Add component. Clean all parameters for all variants
Added Component: Designator=D2(6-0805_M)
Add component. Clean all parameters for all variants
Added Component: Designator=D3(6-0805_M)
Add component. Clean all parameters for all variants
Added Component: Designator=IC1(LQFP48)
Add component. Clean all parameters for all variants
Add component (AddParameter): Name = "ComponentLink1Description"; Value = "Manufacturer Link"; VariantName = "[No Variations]"
Add component (AddParameter): Name = "ComponentLink1URL"; Value = "www.st.com/stm32"; VariantName = "[No Variations]"
Add component (AddParameter): Name = "ComponentLink2Description"; Value = "Datasheet"; VariantName = "[No Variations]"
Add component (AddParameter): Name = "ComponentLink2URL"; Value = "http://www.st.com/stonline/products/literature/ds/13587.pdf"; VariantName = "[No Variations]"
Add component (AddParameter): Name = "DatasheetVersion"; Value = "rev6, Mar-2008"; VariantName = "[No Variations]"
Add component (AddParameter): Name = "PackageDescription"; Value = "48-Pin Low-Profile Quad Flat Pack, 7 x 7 mm Body, 0.5 mm Pitch (LQFP48)"; VariantName = "[No Variations]"
Add component (AddParameter): Name = "PackageReference"; Value = "LQFP48"; VariantName = "[No Variations]"
Add component (AddParameter): Name = "PackageVersion"; Value = "Mar-2008"; VariantName = "[No Variations]"
Add component (AddParameter): Name = "Published"; Value = "30-May-2008"; VariantName = "[No Variations]"
Add component (AddParameter): Name = "Publisher"; Value = "Altium Limited"; VariantName = "[No Variations]"
Added Component: Designator=IC2(SOT-23-5)
Add component. Clean all parameters for all variants
Added Component: Designator=J1(HDR1X4)
Add component. Clean all parameters for all variants
Added Component: Designator=J2(HDR1X4)
Add component. Clean all parameters for all variants
Added Component: Designator=J3(HDR1X4)
Add component. Clean all parameters for all variants
Added Component: Designator=J4(HDR1X2)
Add component. Clean all parameters for all variants
Added Component: Designator=J5(HDR1X7)
Add component. Clean all parameters for all variants
Added Component: Designator=J6(HDR1X7)
Add component. Clean all parameters for all variants
Added Component: Designator=J7(HDR1X7)
Add component. Clean all parameters for all variants
Added Component: Designator=J8(HDR1X7)
Add component. Clean all parameters for all variants
Added Component: Designator=J9(HDR1X7)
Add component. Clean all parameters for all variants
Added Component: Designator=J10(HDR1X7)
Add component. Clean all parameters for all variants
Added Component: Designator=J11(HDR1X7)
Add component. Clean all parameters for all variants
Added Component: Designator=J12(HDR1X7)
Add component. Clean all parameters for all variants
Added Component: Designator=J13(HDR1X7)
Add component. Clean all parameters for all variants
Added Component: Designator=J14(HDR1X7)
Add component. Clean all parameters for all variants
Added Component: Designator=R1(6-0805_L)
Add component. Clean all parameters for all variants
Add component (AddParameter): Name = "LatestRevisionDate"; Value = "29-May-2009"; VariantName = "[No Variations]"
Add component (AddParameter): Name = "LatestRevisionNote"; Value = "IPC-7351 Footprint Added."; VariantName = "[No Variations]"
Add component (AddParameter): Name = "PackageDescription"; Value = "Chip Resistor"; VariantName = "[No Variations]"
Add component (AddParameter): Name = "PackageReference"; Value = "J1-0603"; VariantName = "[No Variations]"
Add component (AddParameter): Name = "Published"; Value = "8-Jun-2000"; VariantName = "[No Variations]"
Add component (AddParameter): Name = "Publisher"; Value = "Altium Limited"; VariantName = "[No Variations]"
Add component (AddParameter): Name = "Value"; Value = "10K"; VariantName = "[No Variations]"
Added Component: Designator=R2(6-0805_L)
Add component. Clean all parameters for all variants
Add component (AddParameter): Name = "LatestRevisionDate"; Value = "29-May-2009"; VariantName = "[No Variations]"
Add component (AddParameter): Name = "LatestRevisionNote"; Value = "IPC-7351 Footprint Added."; VariantName = "[No Variations]"
Add component (AddParameter): Name = "PackageDescription"; Value = "Chip Resistor"; VariantName = "[No Variations]"
Add component (AddParameter): Name = "PackageReference"; Value = "J1-0603"; VariantName = "[No Variations]"
Add component (AddParameter): Name = "Published"; Value = "8-Jun-2000"; VariantName = "[No Variations]"
Add component (AddParameter): Name = "Publisher"; Value = "Altium Limited"; VariantName = "[No Variations]"
Add component (AddParameter): Name = "Value"; Value = "10K"; VariantName = "[No Variations]"
Added Component: Designator=R3(6-0805_L)
Add component. Clean all parameters for all variants
Add component (AddParameter): Name = "LatestRevisionDate"; Value = "29-May-2009"; VariantName = "[No Variations]"
Add component (AddParameter): Name = "LatestRevisionNote"; Value = "IPC-7351 Footprint Added."; VariantName = "[No Variations]"
Add component (AddParameter): Name = "PackageDescription"; Value = "Chip Resistor"; VariantName = "[No Variations]"
Add component (AddParameter): Name = "PackageReference"; Value = "J1-0603"; VariantName = "[No Variations]"
Add component (AddParameter): Name = "Published"; Value = "8-Jun-2000"; VariantName = "[No Variations]"
Add component (AddParameter): Name = "Publisher"; Value = "Altium Limited"; VariantName = "[No Variations]"
Add component (AddParameter): Name = "Value"; Value = "10M"; VariantName = "[No Variations]"
Added Component: Designator=R4(6-0805_L)
Add component. Clean all parameters for all variants
Add component (AddParameter): Name = "LatestRevisionDate"; Value = "29-May-2009"; VariantName = "[No Variations]"
Add component (AddParameter): Name = "LatestRevisionNote"; Value = "IPC-7351 Footprint Added."; VariantName = "[No Variations]"
Add component (AddParameter): Name = "PackageDescription"; Value = "Chip Resistor"; VariantName = "[No Variations]"
Add component (AddParameter): Name = "PackageReference"; Value = "J1-0603"; VariantName = "[No Variations]"
Add component (AddParameter): Name = "Published"; Value = "8-Jun-2000"; VariantName = "[No Variations]"
Add component (AddParameter): Name = "Publisher"; Value = "Altium Limited"; VariantName = "[No Variations]"
Add component (AddParameter): Name = "Value"; Value = "10K"; VariantName = "[No Variations]"
Added Component: Designator=R5(6-0805_L)
Add component. Clean all parameters for all variants
Add component (AddParameter): Name = "LatestRevisionDate"; Value = "29-May-2009"; VariantName = "[No Variations]"
Add component (AddParameter): Name = "LatestRevisionNote"; Value = "IPC-7351 Footprint Added."; VariantName = "[No Variations]"
Add component (AddParameter): Name = "PackageDescription"; Value = "Chip Resistor"; VariantName = "[No Variations]"
Add component (AddParameter): Name = "PackageReference"; Value = "J1-0603"; VariantName = "[No Variations]"
Add component (AddParameter): Name = "Published"; Value = "8-Jun-2000"; VariantName = "[No Variations]"
Add component (AddParameter): Name = "Publisher"; Value = "Altium Limited"; VariantName = "[No Variations]"
Add component (AddParameter): Name = "Value"; Value = "1K"; VariantName = "[No Variations]"
Added Component: Designator=R6(6-0805_L)
Add component. Clean all parameters for all variants
Add component (AddParameter): Name = "LatestRevisionDate"; Value = "29-May-2009"; VariantName = "[No Variations]"
Add component (AddParameter): Name = "LatestRevisionNote"; Value = "IPC-7351 Footprint Added."; VariantName = "[No Variations]"
Add component (AddParameter): Name = "PackageDescription"; Value = "Chip Resistor"; VariantName = "[No Variations]"
Add component (AddParameter): Name = "PackageReference"; Value = "J1-0603"; VariantName = "[No Variations]"
Add component (AddParameter): Name = "Published"; Value = "8-Jun-2000"; VariantName = "[No Variations]"
Add component (AddParameter): Name = "Publisher"; Value = "Altium Limited"; VariantName = "[No Variations]"
Add component (AddParameter): Name = "Value"; Value = "1K"; VariantName = "[No Variations]"
Added Component: Designator=R7(6-0805_L)
Add component. Clean all parameters for all variants
Add component (AddParameter): Name = "LatestRevisionDate"; Value = "29-May-2009"; VariantName = "[No Variations]"
Add component (AddParameter): Name = "LatestRevisionNote"; Value = "IPC-7351 Footprint Added."; VariantName = "[No Variations]"
Add component (AddParameter): Name = "PackageDescription"; Value = "Chip Resistor"; VariantName = "[No Variations]"
Add component (AddParameter): Name = "PackageReference"; Value = "J1-0603"; VariantName = "[No Variations]"
Add component (AddParameter): Name = "Published"; Value = "8-Jun-2000"; VariantName = "[No Variations]"
Add component (AddParameter): Name = "Publisher"; Value = "Altium Limited"; VariantName = "[No Variations]"
Add component (AddParameter): Name = "Value"; Value = "330"; VariantName = "[No Variations]"
Added Component: Designator=R8(6-0805_L)
Add component. Clean all parameters for all variants
Add component (AddParameter): Name = "LatestRevisionDate"; Value = "29-May-2009"; VariantName = "[No Variations]"
Add component (AddParameter): Name = "LatestRevisionNote"; Value = "IPC-7351 Footprint Added."; VariantName = "[No Variations]"
Add component (AddParameter): Name = "PackageDescription"; Value = "Chip Resistor"; VariantName = "[No Variations]"
Add component (AddParameter): Name = "PackageReference"; Value = "J1-0603"; VariantName = "[No Variations]"
Add component (AddParameter): Name = "Published"; Value = "8-Jun-2000"; VariantName = "[No Variations]"
Add component (AddParameter): Name = "Publisher"; Value = "Altium Limited"; VariantName = "[No Variations]"
Add component (AddParameter): Name = "Value"; Value = "330"; VariantName = "[No Variations]"
Added Component: Designator=R9(6-0805_L)
Add component. Clean all parameters for all variants
Add component (AddParameter): Name = "LatestRevisionDate"; Value = "29-May-2009"; VariantName = "[No Variations]"
Add component (AddParameter): Name = "LatestRevisionNote"; Value = "IPC-7351 Footprint Added."; VariantName = "[No Variations]"
Add component (AddParameter): Name = "PackageDescription"; Value = "Chip Resistor"; VariantName = "[No Variations]"
Add component (AddParameter): Name = "PackageReference"; Value = "J1-0603"; VariantName = "[No Variations]"
Add component (AddParameter): Name = "Published"; Value = "8-Jun-2000"; VariantName = "[No Variations]"
Add component (AddParameter): Name = "Publisher"; Value = "Altium Limited"; VariantName = "[No Variations]"
Add component (AddParameter): Name = "Value"; Value = "10K"; VariantName = "[No Variations]"
Added Component: Designator=R10(6-0805_L)
Add component. Clean all parameters for all variants
Add component (AddParameter): Name = "LatestRevisionDate"; Value = "29-May-2009"; VariantName = "[No Variations]"
Add component (AddParameter): Name = "LatestRevisionNote"; Value = "IPC-7351 Footprint Added."; VariantName = "[No Variations]"
Add component (AddParameter): Name = "PackageDescription"; Value = "Chip Resistor"; VariantName = "[No Variations]"
Add component (AddParameter): Name = "PackageReference"; Value = "J1-0603"; VariantName = "[No Variations]"
Add component (AddParameter): Name = "Published"; Value = "8-Jun-2000"; VariantName = "[No Variations]"
Add component (AddParameter): Name = "Publisher"; Value = "Altium Limited"; VariantName = "[No Variations]"
Add component (AddParameter): Name = "Value"; Value = "10K"; VariantName = "[No Variations]"
Added Component: Designator=R11(6-0805_L)
Add component. Clean all parameters for all variants
Add component (AddParameter): Name = "LatestRevisionDate"; Value = "29-May-2009"; VariantName = "[No Variations]"
Add component (AddParameter): Name = "LatestRevisionNote"; Value = "IPC-7351 Footprint Added."; VariantName = "[No Variations]"
Add component (AddParameter): Name = "PackageDescription"; Value = "Chip Resistor"; VariantName = "[No Variations]"
Add component (AddParameter): Name = "PackageReference"; Value = "J1-0603"; VariantName = "[No Variations]"
Add component (AddParameter): Name = "Published"; Value = "8-Jun-2000"; VariantName = "[No Variations]"
Add component (AddParameter): Name = "Publisher"; Value = "Altium Limited"; VariantName = "[No Variations]"
Add component (AddParameter): Name = "Value"; Value = "10K"; VariantName = "[No Variations]"
Added Component: Designator=R12(6-0805_L)
Add component. Clean all parameters for all variants
Add component (AddParameter): Name = "LatestRevisionDate"; Value = "29-May-2009"; VariantName = "[No Variations]"
Add component (AddParameter): Name = "LatestRevisionNote"; Value = "IPC-7351 Footprint Added."; VariantName = "[No Variations]"
Add component (AddParameter): Name = "PackageDescription"; Value = "Chip Resistor"; VariantName = "[No Variations]"
Add component (AddParameter): Name = "PackageReference"; Value = "J1-0603"; VariantName = "[No Variations]"
Add component (AddParameter): Name = "Published"; Value = "8-Jun-2000"; VariantName = "[No Variations]"
Add component (AddParameter): Name = "Publisher"; Value = "Altium Limited"; VariantName = "[No Variations]"
Add component (AddParameter): Name = "Value"; Value = "10K"; VariantName = "[No Variations]"
Added Component: Designator=R13(6-0805_L)
Add component. Clean all parameters for all variants
Add component (AddParameter): Name = "LatestRevisionDate"; Value = "29-May-2009"; VariantName = "[No Variations]"
Add component (AddParameter): Name = "LatestRevisionNote"; Value = "IPC-7351 Footprint Added."; VariantName = "[No Variations]"
Add component (AddParameter): Name = "PackageDescription"; Value = "Chip Resistor"; VariantName = "[No Variations]"
Add component (AddParameter): Name = "PackageReference"; Value = "J1-0603"; VariantName = "[No Variations]"
Add component (AddParameter): Name = "Published"; Value = "8-Jun-2000"; VariantName = "[No Variations]"
Add component (AddParameter): Name = "Publisher"; Value = "Altium Limited"; VariantName = "[No Variations]"
Add component (AddParameter): Name = "Value"; Value = "10K"; VariantName = "[No Variations]"
Added Component: Designator=R14(6-0805_L)
Add component. Clean all parameters for all variants
Add component (AddParameter): Name = "LatestRevisionDate"; Value = "29-May-2009"; VariantName = "[No Variations]"
Add component (AddParameter): Name = "LatestRevisionNote"; Value = "IPC-7351 Footprint Added."; VariantName = "[No Variations]"
Add component (AddParameter): Name = "PackageDescription"; Value = "Chip Resistor"; VariantName = "[No Variations]"
Add component (AddParameter): Name = "PackageReference"; Value = "J1-0603"; VariantName = "[No Variations]"
Add component (AddParameter): Name = "Published"; Value = "8-Jun-2000"; VariantName = "[No Variations]"
Add component (AddParameter): Name = "Publisher"; Value = "Altium Limited"; VariantName = "[No Variations]"
Add component (AddParameter): Name = "Value"; Value = "10K"; VariantName = "[No Variations]"
Added Component: Designator=R15(6-0805_L)
Add component. Clean all parameters for all variants
Add component (AddParameter): Name = "LatestRevisionDate"; Value = "29-May-2009"; VariantName = "[No Variations]"
Add component (AddParameter): Name = "LatestRevisionNote"; Value = "IPC-7351 Footprint Added."; VariantName = "[No Variations]"
Add component (AddParameter): Name = "PackageDescription"; Value = "Chip Resistor"; VariantName = "[No Variations]"
Add component (AddParameter): Name = "PackageReference"; Value = "J1-0603"; VariantName = "[No Variations]"
Add component (AddParameter): Name = "Published"; Value = "8-Jun-2000"; VariantName = "[No Variations]"
Add component (AddParameter): Name = "Publisher"; Value = "Altium Limited"; VariantName = "[No Variations]"
Add component (AddParameter): Name = "Value"; Value = "10K"; VariantName = "[No Variations]"
Added Component: Designator=R16(6-0805_L)
Add component. Clean all parameters for all variants
Add component (AddParameter): Name = "LatestRevisionDate"; Value = "29-May-2009"; VariantName = "[No Variations]"
Add component (AddParameter): Name = "LatestRevisionNote"; Value = "IPC-7351 Footprint Added."; VariantName = "[No Variations]"
Add component (AddParameter): Name = "PackageDescription"; Value = "Chip Resistor"; VariantName = "[No Variations]"
Add component (AddParameter): Name = "PackageReference"; Value = "J1-0603"; VariantName = "[No Variations]"
Add component (AddParameter): Name = "Published"; Value = "8-Jun-2000"; VariantName = "[No Variations]"
Add component (AddParameter): Name = "Publisher"; Value = "Altium Limited"; VariantName = "[No Variations]"
Add component (AddParameter): Name = "Value"; Value = "10K"; VariantName = "[No Variations]"
Added Component: Designator=R17(6-0805_L)
Add component. Clean all parameters for all variants
Add component (AddParameter): Name = "LatestRevisionDate"; Value = "29-May-2009"; VariantName = "[No Variations]"
Add component (AddParameter): Name = "LatestRevisionNote"; Value = "IPC-7351 Footprint Added."; VariantName = "[No Variations]"
Add component (AddParameter): Name = "PackageDescription"; Value = "Chip Resistor"; VariantName = "[No Variations]"
Add component (AddParameter): Name = "PackageReference"; Value = "J1-0603"; VariantName = "[No Variations]"
Add component (AddParameter): Name = "Published"; Value = "8-Jun-2000"; VariantName = "[No Variations]"
Add component (AddParameter): Name = "Publisher"; Value = "Altium Limited"; VariantName = "[No Variations]"
Add component (AddParameter): Name = "Value"; Value = "525K"; VariantName = "[No Variations]"
Added Component: Designator=R18(6-0805_L)
Add component. Clean all parameters for all variants
Add component (AddParameter): Name = "LatestRevisionDate"; Value = "29-May-2009"; VariantName = "[No Variations]"
Add component (AddParameter): Name = "LatestRevisionNote"; Value = "IPC-7351 Footprint Added."; VariantName = "[No Variations]"
Add component (AddParameter): Name = "PackageDescription"; Value = "Chip Resistor"; VariantName = "[No Variations]"
Add component (AddParameter): Name = "PackageReference"; Value = "J1-0603"; VariantName = "[No Variations]"
Add component (AddParameter): Name = "Published"; Value = "8-Jun-2000"; VariantName = "[No Variations]"
Add component (AddParameter): Name = "Publisher"; Value = "Altium Limited"; VariantName = "[No Variations]"
Add component (AddParameter): Name = "Value"; Value = "100k"; VariantName = "[No Variations]"
Added Component: Designator=R19(6-0805_L)
Add component. Clean all parameters for all variants
Add component (AddParameter): Name = "LatestRevisionDate"; Value = "29-May-2009"; VariantName = "[No Variations]"
Add component (AddParameter): Name = "LatestRevisionNote"; Value = "IPC-7351 Footprint Added."; VariantName = "[No Variations]"
Add component (AddParameter): Name = "PackageDescription"; Value = "Chip Resistor"; VariantName = "[No Variations]"
Add component (AddParameter): Name = "PackageReference"; Value = "J1-0603"; VariantName = "[No Variations]"
Add component (AddParameter): Name = "Published"; Value = "8-Jun-2000"; VariantName = "[No Variations]"
Add component (AddParameter): Name = "Publisher"; Value = "Altium Limited"; VariantName = "[No Variations]"
Add component (AddParameter): Name = "Value"; Value = "10K"; VariantName = "[No Variations]"
Added Component: Designator=R20(6-0805_L)
Add component. Clean all parameters for all variants
Add component (AddParameter): Name = "LatestRevisionDate"; Value = "29-May-2009"; VariantName = "[No Variations]"
Add component (AddParameter): Name = "LatestRevisionNote"; Value = "IPC-7351 Footprint Added."; VariantName = "[No Variations]"
Add component (AddParameter): Name = "PackageDescription"; Value = "Chip Resistor"; VariantName = "[No Variations]"
Add component (AddParameter): Name = "PackageReference"; Value = "J1-0603"; VariantName = "[No Variations]"
Add component (AddParameter): Name = "Published"; Value = "8-Jun-2000"; VariantName = "[No Variations]"
Add component (AddParameter): Name = "Publisher"; Value = "Altium Limited"; VariantName = "[No Variations]"
Add component (AddParameter): Name = "Value"; Value = "10K"; VariantName = "[No Variations]"
Added Component: Designator=S2(SPST-2)
Add component. Clean all parameters for all variants
Add component (AddParameter): Name = "LatestRevisionDate"; Value = "17-Jul-2002"; VariantName = "[No Variations]"
Add component (AddParameter): Name = "LatestRevisionNote"; Value = "Re-released for DXP Platform."; VariantName = "[No Variations]"
Add component (AddParameter): Name = "PackageDescription"; Value = "Switch; 2 Leads"; VariantName = "[No Variations]"
Add component (AddParameter): Name = "PackageReference"; Value = "SPST-2"; VariantName = "[No Variations]"
Add component (AddParameter): Name = "Published"; Value = "24-Mar-1999"; VariantName = "[No Variations]"
Add component (AddParameter): Name = "Publisher"; Value = "Altium Limited"; VariantName = "[No Variations]"
Added Component: Designator=U1(SOT-23-CT5_L)
Add component. Clean all parameters for all variants
Added Component: Designator=U2(M16A_N)
Add component. Clean all parameters for all variants
Add component (AddParameter): Name = "Code_IPC"; Value = "SOIC127P600-16"; VariantName = "[No Variations]"
Add component (AddParameter): Name = "ComponentLink1Description"; Value = "Manufacturer Link"; VariantName = "[No Variations]"
Add component (AddParameter): Name = "ComponentLink1URL"; Value = "http://www.fairchildsemi.com/"; VariantName = "[No Variations]"
Add component (AddParameter): Name = "ComponentLink2Description"; Value = "Datasheet"; VariantName = "[No Variations]"
Add component (AddParameter): Name = "ComponentLink2URL"; Value = "http://www.fairchildsemi.com/ds/CD%2FCD4052BC.pdf"; VariantName = "[No Variations]"
Add component (AddParameter): Name = "DatasheetVersion"; Value = "Jan-1999"; VariantName = "[No Variations]"
Add component (AddParameter): Name = "LatestRevisionDate"; Value = "13-Apr-2006"; VariantName = "[No Variations]"
Add component (AddParameter): Name = "LatestRevisionNote"; Value = "IPC-7351 Footprint Added."; VariantName = "[No Variations]"
Add component (AddParameter): Name = "PackageDescription"; Value = "16-Pin Small Outline Integrated Circuit 1.27 mm Pitch"; VariantName = "[No Variations]"
Add component (AddParameter): Name = "PackageReference"; Value = "M16A"; VariantName = "[No Variations]"
Add component (AddParameter): Name = "PackageVersion"; Value = "2000"; VariantName = "[No Variations]"
Add component (AddParameter): Name = "Published"; Value = "17-Jul-2002"; VariantName = "[No Variations]"
Add component (AddParameter): Name = "Publisher"; Value = "Altium Limited"; VariantName = "[No Variations]"
Added Component: Designator=U3(SOT23-6_M)
Add component. Clean all parameters for all variants
Added Component: Designator=USB1(MICRO USB)
Add component. Clean all parameters for all variants
Added Component: Designator=Y1(R38)
Add component. Clean all parameters for all variants
Add component (AddParameter): Name = "LatestRevisionDate"; Value = "17-Jul-2002"; VariantName = "[No Variations]"
Add component (AddParameter): Name = "LatestRevisionNote"; Value = "Re-released for DXP Platform."; VariantName = "[No Variations]"
Add component (AddParameter): Name = "PackageDescription"; Value = "Crystal, Thru-Hole; 2 Leads; Body 3.1 x 8.2 mm (Dia.xH)"; VariantName = "[No Variations]"
Add component (AddParameter): Name = "PackageReference"; Value = "R38"; VariantName = "[No Variations]"
Add component (AddParameter): Name = "Published"; Value = "8-Jun-2000"; VariantName = "[No Variations]"
Add component (AddParameter): Name = "Publisher"; Value = "Altium Limited"; VariantName = "[No Variations]"
Added Component: Designator=Y2(R38)
Add component. Clean all parameters for all variants
Add component (AddParameter): Name = "LatestRevisionDate"; Value = "17-Jul-2002"; VariantName = "[No Variations]"
Add component (AddParameter): Name = "LatestRevisionNote"; Value = "Re-released for DXP Platform."; VariantName = "[No Variations]"
Add component (AddParameter): Name = "PackageDescription"; Value = "Crystal, Thru-Hole; 2 Leads; Body 3.1 x 8.2 mm (Dia.xH)"; VariantName = "[No Variations]"
Add component (AddParameter): Name = "PackageReference"; Value = "R38"; VariantName = "[No Variations]"
Add component (AddParameter): Name = "Published"; Value = "8-Jun-2000"; VariantName = "[No Variations]"
Add component (AddParameter): Name = "Publisher"; Value = "Altium Limited"; VariantName = "[No Variations]"
Added Pin To Net: NetName=+5 Pin=C16-2
Added Pin To Net: NetName=+5 Pin=C17-2
Added Pin To Net: NetName=+5 Pin=J2-1
Added Pin To Net: NetName=+5 Pin=J5-5
Added Pin To Net: NetName=+5 Pin=J6-5
Added Pin To Net: NetName=+5 Pin=J7-5
Added Pin To Net: NetName=+5 Pin=J8-5
Added Pin To Net: NetName=+5 Pin=J9-5
Added Pin To Net: NetName=+5 Pin=J10-5
Added Pin To Net: NetName=+5 Pin=J11-5
Added Pin To Net: NetName=+5 Pin=J12-5
Added Pin To Net: NetName=+5 Pin=J13-5
Added Pin To Net: NetName=+5 Pin=J14-5
Added Pin To Net: NetName=+5 Pin=R17-1
Added Pin To Net: NetName=+5 Pin=U2-16
Added Pin To Net: NetName=+5 Pin=U3-5
Added Net: Name=+5
Added Pin To Net: NetName=ADC0 Pin=IC1-10
Added Pin To Net: NetName=ADC0 Pin=J5-6
Added Net: Name=ADC0
Added Pin To Net: NetName=ADC1 Pin=IC1-11
Added Pin To Net: NetName=ADC1 Pin=J7-6
Added Net: Name=ADC1
Added Pin To Net: NetName=ADC2 Pin=IC1-12
Added Pin To Net: NetName=ADC2 Pin=J9-6
Added Net: Name=ADC2
Added Pin To Net: NetName=ADC3 Pin=IC1-13
Added Pin To Net: NetName=ADC3 Pin=J11-6
Added Net: Name=ADC3
Added Pin To Net: NetName=ADC4 Pin=IC1-14
Added Pin To Net: NetName=ADC4 Pin=J13-6
Added Net: Name=ADC4
Added Pin To Net: NetName=ADC5 Pin=IC1-15
Added Pin To Net: NetName=ADC5 Pin=J6-6
Added Net: Name=ADC5
Added Pin To Net: NetName=ADC6 Pin=IC1-16
Added Pin To Net: NetName=ADC6 Pin=J8-6
Added Net: Name=ADC6
Added Pin To Net: NetName=ADC7 Pin=IC1-17
Added Pin To Net: NetName=ADC7 Pin=J10-6
Added Net: Name=ADC7
Added Pin To Net: NetName=ADC8 Pin=IC1-18
Added Pin To Net: NetName=ADC8 Pin=J12-6
Added Net: Name=ADC8
Added Pin To Net: NetName=ADC9 Pin=IC1-19
Added Pin To Net: NetName=ADC9 Pin=J14-6
Added Net: Name=ADC9
Added Pin To Net: NetName=Address_0 Pin=IC1-29
Added Pin To Net: NetName=Address_0 Pin=U2-11
Added Net: Name=Address_0
Added Pin To Net: NetName=Address_1 Pin=IC1-30
Added Pin To Net: NetName=Address_1 Pin=U2-10
Added Net: Name=Address_1
Added Pin To Net: NetName=Address_2 Pin=IC1-31
Added Pin To Net: NetName=Address_2 Pin=U2-9
Added Net: Name=Address_2
Added Pin To Net: NetName=Address_3 Pin=IC1-39
Added Pin To Net: NetName=Address_3 Pin=J5-1
Added Pin To Net: NetName=Address_3 Pin=J6-1
Added Pin To Net: NetName=Address_3 Pin=J7-1
Added Pin To Net: NetName=Address_3 Pin=J8-1
Added Pin To Net: NetName=Address_3 Pin=J9-1
Added Pin To Net: NetName=Address_3 Pin=J10-1
Added Pin To Net: NetName=Address_3 Pin=J11-1
Added Pin To Net: NetName=Address_3 Pin=J12-1
Added Pin To Net: NetName=Address_3 Pin=J13-1
Added Pin To Net: NetName=Address_3 Pin=J14-1
Added Net: Name=Address_3
Added Pin To Net: NetName=Address_4 Pin=IC1-40
Added Pin To Net: NetName=Address_4 Pin=J5-2
Added Pin To Net: NetName=Address_4 Pin=J6-2
Added Pin To Net: NetName=Address_4 Pin=J7-2
Added Pin To Net: NetName=Address_4 Pin=J8-2
Added Pin To Net: NetName=Address_4 Pin=J9-2
Added Pin To Net: NetName=Address_4 Pin=J10-2
Added Pin To Net: NetName=Address_4 Pin=J11-2
Added Pin To Net: NetName=Address_4 Pin=J12-2
Added Pin To Net: NetName=Address_4 Pin=J13-2
Added Pin To Net: NetName=Address_4 Pin=J14-2
Added Net: Name=Address_4
Added Pin To Net: NetName=Address_5 Pin=IC1-41
Added Pin To Net: NetName=Address_5 Pin=J5-3
Added Pin To Net: NetName=Address_5 Pin=J6-3
Added Pin To Net: NetName=Address_5 Pin=J7-3
Added Pin To Net: NetName=Address_5 Pin=J8-3
Added Pin To Net: NetName=Address_5 Pin=J9-3
Added Pin To Net: NetName=Address_5 Pin=J10-3
Added Pin To Net: NetName=Address_5 Pin=J11-3
Added Pin To Net: NetName=Address_5 Pin=J12-3
Added Pin To Net: NetName=Address_5 Pin=J13-3
Added Pin To Net: NetName=Address_5 Pin=J14-3
Added Net: Name=Address_5
Added Pin To Net: NetName=BAT+ Pin=C14-2
Added Pin To Net: NetName=BAT+ Pin=C15-2
Added Pin To Net: NetName=BAT+ Pin=IC2-1
Added Pin To Net: NetName=BAT+ Pin=IC2-3
Added Pin To Net: NetName=BAT+ Pin=S2-2
Added Pin To Net: NetName=BAT+ Pin=U3-6
Added Net: Name=BAT+
Added Pin To Net: NetName=BAT Pin=J4-1
Added Pin To Net: NetName=BAT Pin=S2-1
Added Pin To Net: NetName=BAT Pin=U1-3
Added Pin To Net: NetName=BAT Pin=U3-4
Added Net: Name=BAT
Added Pin To Net: NetName=BOOT0 Pin=IC1-44
Added Pin To Net: NetName=BOOT0 Pin=R4-2
Added Net: Name=BOOT0
Added Pin To Net: NetName=BOOT1 Pin=IC1-20
Added Pin To Net: NetName=BOOT1 Pin=R1-1
Added Net: Name=BOOT1
Added Pin To Net: NetName=Common_Out Pin=IC1-32
Added Pin To Net: NetName=Common_Out Pin=U2-3
Added Net: Name=Common_Out
Added Pin To Net: NetName=EX0 Pin=J5-7
Added Pin To Net: NetName=EX0 Pin=R9-2
Added Pin To Net: NetName=EX0 Pin=U2-13
Added Net: Name=EX0
Added Pin To Net: NetName=EX1 Pin=J7-7
Added Pin To Net: NetName=EX1 Pin=R10-2
Added Pin To Net: NetName=EX1 Pin=U2-14
Added Net: Name=EX1
Added Pin To Net: NetName=EX2 Pin=J9-7
Added Pin To Net: NetName=EX2 Pin=R11-2
Added Pin To Net: NetName=EX2 Pin=U2-15
Added Net: Name=EX2
Added Pin To Net: NetName=EX3 Pin=J11-7
Added Pin To Net: NetName=EX3 Pin=R12-2
Added Pin To Net: NetName=EX3 Pin=U2-12
Added Net: Name=EX3
Added Pin To Net: NetName=EX4 Pin=J13-7
Added Pin To Net: NetName=EX4 Pin=R13-2
Added Pin To Net: NetName=EX4 Pin=U2-1
Added Net: Name=EX4
Added Pin To Net: NetName=EX5 Pin=J6-7
Added Pin To Net: NetName=EX5 Pin=R14-2
Added Pin To Net: NetName=EX5 Pin=U2-5
Added Net: Name=EX5
Added Pin To Net: NetName=EX6 Pin=J8-7
Added Pin To Net: NetName=EX6 Pin=R15-2
Added Pin To Net: NetName=EX6 Pin=U2-2
Added Net: Name=EX6
Added Pin To Net: NetName=EX7 Pin=J10-7
Added Pin To Net: NetName=EX7 Pin=R16-2
Added Pin To Net: NetName=EX7 Pin=U2-4
Added Net: Name=EX7
Added Pin To Net: NetName=EX8 Pin=IC1-45
Added Pin To Net: NetName=EX8 Pin=J12-7
Added Pin To Net: NetName=EX8 Pin=R19-2
Added Net: Name=EX8
Added Pin To Net: NetName=EX9 Pin=IC1-46
Added Pin To Net: NetName=EX9 Pin=J14-7
Added Pin To Net: NetName=EX9 Pin=R20-2
Added Net: Name=EX9
Added Pin To Net: NetName=GND Pin=C1-1
Added Pin To Net: NetName=GND Pin=C2-1
Added Pin To Net: NetName=GND Pin=C3-1
Added Pin To Net: NetName=GND Pin=C4-1
Added Pin To Net: NetName=GND Pin=C5-1
Added Pin To Net: NetName=GND Pin=C6-1
Added Pin To Net: NetName=GND Pin=C7-1
Added Pin To Net: NetName=GND Pin=C8-1
Added Pin To Net: NetName=GND Pin=C9-1
Added Pin To Net: NetName=GND Pin=C10-2
Added Pin To Net: NetName=GND Pin=C11-1
Added Pin To Net: NetName=GND Pin=C12-1
Added Pin To Net: NetName=GND Pin=C13-1
Added Pin To Net: NetName=GND Pin=C14-1
Added Pin To Net: NetName=GND Pin=C15-1
Added Pin To Net: NetName=GND Pin=C16-1
Added Pin To Net: NetName=GND Pin=C17-1
Added Pin To Net: NetName=GND Pin=IC1-8
Added Pin To Net: NetName=GND Pin=IC1-23
Added Pin To Net: NetName=GND Pin=IC1-35
Added Pin To Net: NetName=GND Pin=IC1-47
Added Pin To Net: NetName=GND Pin=IC2-2
Added Pin To Net: NetName=GND Pin=J1-1
Added Pin To Net: NetName=GND Pin=J2-2
Added Pin To Net: NetName=GND Pin=J3-3
Added Pin To Net: NetName=GND Pin=J4-2
Added Pin To Net: NetName=GND Pin=J5-4
Added Pin To Net: NetName=GND Pin=J6-4
Added Pin To Net: NetName=GND Pin=J7-4
Added Pin To Net: NetName=GND Pin=J8-4
Added Pin To Net: NetName=GND Pin=J9-4
Added Pin To Net: NetName=GND Pin=J10-4
Added Pin To Net: NetName=GND Pin=J11-4
Added Pin To Net: NetName=GND Pin=J12-4
Added Pin To Net: NetName=GND Pin=J13-4
Added Pin To Net: NetName=GND Pin=J14-4
Added Pin To Net: NetName=GND Pin=R1-2
Added Pin To Net: NetName=GND Pin=R4-1
Added Pin To Net: NetName=GND Pin=R5-1
Added Pin To Net: NetName=GND Pin=R7-2
Added Pin To Net: NetName=GND Pin=R9-1
Added Pin To Net: NetName=GND Pin=R10-1
Added Pin To Net: NetName=GND Pin=R11-1
Added Pin To Net: NetName=GND Pin=R12-1
Added Pin To Net: NetName=GND Pin=R13-1
Added Pin To Net: NetName=GND Pin=R14-1
Added Pin To Net: NetName=GND Pin=R15-1
Added Pin To Net: NetName=GND Pin=R16-1
Added Pin To Net: NetName=GND Pin=R18-2
Added Pin To Net: NetName=GND Pin=R19-1
Added Pin To Net: NetName=GND Pin=R20-1
Added Pin To Net: NetName=GND Pin=U1-2
Added Pin To Net: NetName=GND Pin=U2-6
Added Pin To Net: NetName=GND Pin=U2-7
Added Pin To Net: NetName=GND Pin=U2-8
Added Pin To Net: NetName=GND Pin=U3-2
Added Pin To Net: NetName=GND Pin=USB1-5
Added Net: Name=GND
Added Pin To Net: NetName=NetC13_2 Pin=C13-2
Added Pin To Net: NetName=NetC13_2 Pin=IC2-4
Added Net: Name=NetC13_2
Added Pin To Net: NetName=NetD1_2 Pin=D1-2
Added Pin To Net: NetName=NetD1_2 Pin=R5-2
Added Net: Name=NetD1_2
Added Pin To Net: NetName=NetD2_2 Pin=D2-2
Added Pin To Net: NetName=NetD2_2 Pin=R6-2
Added Net: Name=NetD2_2
Added Pin To Net: NetName=NetD3_2 Pin=D3-2
Added Pin To Net: NetName=NetD3_2 Pin=R8-2
Added Net: Name=NetD3_2
Added Pin To Net: NetName=NetIC1_34 Pin=IC1-34
Added Pin To Net: NetName=NetIC1_34 Pin=J1-3
Added Net: Name=NetIC1_34
Added Pin To Net: NetName=NetIC1_37 Pin=IC1-37
Added Pin To Net: NetName=NetIC1_37 Pin=J1-2
Added Net: Name=NetIC1_37
Added Pin To Net: NetName=NetL1_2 Pin=U3-1
Added Net: Name=NetL1_2
Added Pin To Net: NetName=NetR7_1 Pin=R7-1
Added Pin To Net: NetName=NetR7_1 Pin=U1-5
Added Net: Name=NetR7_1
Added Pin To Net: NetName=NetR8_1 Pin=R8-1
Added Pin To Net: NetName=NetR8_1 Pin=U1-1
Added Net: Name=NetR8_1
Added Pin To Net: NetName=NetR17_2 Pin=R17-2
Added Pin To Net: NetName=NetR17_2 Pin=R18-1
Added Pin To Net: NetName=NetR17_2 Pin=U3-3
Added Net: Name=NetR17_2
Added Pin To Net: NetName=NRST Pin=C5-2
Added Pin To Net: NetName=NRST Pin=IC1-7
Added Pin To Net: NetName=NRST Pin=R2-1
Added Net: Name=NRST
Added Pin To Net: NetName=PB12 Pin=IC1-25
Added Pin To Net: NetName=PB12 Pin=R6-1
Added Net: Name=PB12
Added Pin To Net: NetName=POWER Pin=C10-1
Added Pin To Net: NetName=POWER Pin=C11-2
Added Pin To Net: NetName=POWER Pin=D3-1
Added Pin To Net: NetName=POWER Pin=U1-4
Added Pin To Net: NetName=POWER Pin=USB1-1
Added Net: Name=POWER
Added Pin To Net: NetName=RXD1 Pin=IC1-21
Added Pin To Net: NetName=RXD1 Pin=J2-4
Added Net: Name=RXD1
Added Pin To Net: NetName=SCL Pin=IC1-42
Added Pin To Net: NetName=SCL Pin=J3-2
Added Net: Name=SCL
Added Pin To Net: NetName=SDA Pin=IC1-43
Added Pin To Net: NetName=SDA Pin=J3-1
Added Net: Name=SDA
Added Pin To Net: NetName=TXD1 Pin=IC1-22
Added Pin To Net: NetName=TXD1 Pin=J2-3
Added Net: Name=TXD1
Added Pin To Net: NetName=VCC3.3 Pin=C1-2
Added Pin To Net: NetName=VCC3.3 Pin=C2-2
Added Pin To Net: NetName=VCC3.3 Pin=C3-2
Added Pin To Net: NetName=VCC3.3 Pin=C4-2
Added Pin To Net: NetName=VCC3.3 Pin=C12-2
Added Pin To Net: NetName=VCC3.3 Pin=D1-1
Added Pin To Net: NetName=VCC3.3 Pin=D2-1
Added Pin To Net: NetName=VCC3.3 Pin=IC1-1
Added Pin To Net: NetName=VCC3.3 Pin=IC1-9
Added Pin To Net: NetName=VCC3.3 Pin=IC1-24
Added Pin To Net: NetName=VCC3.3 Pin=IC1-36
Added Pin To Net: NetName=VCC3.3 Pin=IC1-48
Added Pin To Net: NetName=VCC3.3 Pin=IC2-5
Added Pin To Net: NetName=VCC3.3 Pin=J1-4
Added Pin To Net: NetName=VCC3.3 Pin=J3-4
Added Pin To Net: NetName=VCC3.3 Pin=R2-2
Added Net: Name=VCC3.3
Added Pin To Net: NetName=XTAL_A Pin=C6-2
Added Pin To Net: NetName=XTAL_A Pin=IC1-5
Added Pin To Net: NetName=XTAL_A Pin=R3-1
Added Pin To Net: NetName=XTAL_A Pin=Y1-1
Added Net: Name=XTAL_A
Added Pin To Net: NetName=XTAL_B Pin=C7-2
Added Pin To Net: NetName=XTAL_B Pin=IC1-6
Added Pin To Net: NetName=XTAL_B Pin=R3-2
Added Pin To Net: NetName=XTAL_B Pin=Y1-2
Added Net: Name=XTAL_B
Added Pin To Net: NetName=XTAL_C Pin=C8-2
Added Pin To Net: NetName=XTAL_C Pin=IC1-3
Added Pin To Net: NetName=XTAL_C Pin=Y2-1
Added Net: Name=XTAL_C
Added Pin To Net: NetName=XTAL_D Pin=C9-2
Added Pin To Net: NetName=XTAL_D Pin=IC1-4
Added Pin To Net: NetName=XTAL_D Pin=Y2-2
Added Net: Name=XTAL_D
Added Member To Class: ClassName=Sheet1 Member=Component C1 Cap Semi
Added Member To Class: ClassName=Sheet1 Member=Component C2 Cap Semi
Added Member To Class: ClassName=Sheet1 Member=Component C3 Cap Semi
Added Member To Class: ClassName=Sheet1 Member=Component C4 Cap Semi
Added Member To Class: ClassName=Sheet1 Member=Component C5 Cap Semi
Added Member To Class: ClassName=Sheet1 Member=Component C6 Cap Semi
Added Member To Class: ClassName=Sheet1 Member=Component C7 Cap Semi
Added Member To Class: ClassName=Sheet1 Member=Component C8 Cap Semi
Added Member To Class: ClassName=Sheet1 Member=Component C9 Cap Semi
Added Member To Class: ClassName=Sheet1 Member=Component C10 Cap Pol3
Added Member To Class: ClassName=Sheet1 Member=Component C11 Cap Semi
Added Member To Class: ClassName=Sheet1 Member=Component C12 Cap Semi
Added Member To Class: ClassName=Sheet1 Member=Component C13 Cap Semi
Added Member To Class: ClassName=Sheet1 Member=Component C14 Cap Semi
Added Member To Class: ClassName=Sheet1 Member=Component C15 Cap Semi
Added Member To Class: ClassName=Sheet1 Member=Component C16 Cap Semi
Added Member To Class: ClassName=Sheet1 Member=Component C17 Cap Semi
Added Member To Class: ClassName=Sheet1 Member=Component D1 LED
Added Member To Class: ClassName=Sheet1 Member=Component D2 LED
Added Member To Class: ClassName=Sheet1 Member=Component D3 LED
Added Member To Class: ClassName=Sheet1 Member=Component IC1 STM32F103C8T6
Added Member To Class: ClassName=Sheet1 Member=Component IC2 MIC5205-3.3
Added Member To Class: ClassName=Sheet1 Member=Component J1 CON4
Added Member To Class: ClassName=Sheet1 Member=Component J2 
Added Member To Class: ClassName=Sheet1 Member=Component J3 MPU6050
Added Member To Class: ClassName=Sheet1 Member=Component J4 BAT
Added Member To Class: ClassName=Sheet1 Member=Component J5 CON7
Added Member To Class: ClassName=Sheet1 Member=Component J6 CON7
Added Member To Class: ClassName=Sheet1 Member=Component J7 CON7
Added Member To Class: ClassName=Sheet1 Member=Component J8 CON7
Added Member To Class: ClassName=Sheet1 Member=Component J9 CON7
Added Member To Class: ClassName=Sheet1 Member=Component J10 CON7
Added Member To Class: ClassName=Sheet1 Member=Component J11 CON7
Added Member To Class: ClassName=Sheet1 Member=Component J12 CON7
Added Member To Class: ClassName=Sheet1 Member=Component J13 CON7
Added Member To Class: ClassName=Sheet1 Member=Component J14 CON7
Added Member To Class: ClassName=Sheet1 Member=Component R1 Res3
Added Member To Class: ClassName=Sheet1 Member=Component R2 Res3
Added Member To Class: ClassName=Sheet1 Member=Component R3 Res3
Added Member To Class: ClassName=Sheet1 Member=Component R4 Res3
Added Member To Class: ClassName=Sheet1 Member=Component R5 Res3
Added Member To Class: ClassName=Sheet1 Member=Component R6 Res3
Added Member To Class: ClassName=Sheet1 Member=Component R7 Res3
Added Member To Class: ClassName=Sheet1 Member=Component R8 Res3
Added Member To Class: ClassName=Sheet1 Member=Component R9 Res3
Added Member To Class: ClassName=Sheet1 Member=Component R10 Res3
Added Member To Class: ClassName=Sheet1 Member=Component R11 Res3
Added Member To Class: ClassName=Sheet1 Member=Component R12 Res3
Added Member To Class: ClassName=Sheet1 Member=Component R13 Res3
Added Member To Class: ClassName=Sheet1 Member=Component R14 Res3
Added Member To Class: ClassName=Sheet1 Member=Component R15 Res3
Added Member To Class: ClassName=Sheet1 Member=Component R16 Res3
Added Member To Class: ClassName=Sheet1 Member=Component R17 Res3
Added Member To Class: ClassName=Sheet1 Member=Component R18 Res3
Added Member To Class: ClassName=Sheet1 Member=Component R19 Res3
Added Member To Class: ClassName=Sheet1 Member=Component R20 Res3
Added Member To Class: ClassName=Sheet1 Member=Component S2 SW-SPST
Added Member To Class: ClassName=Sheet1 Member=Component U1 PW4054
Added Member To Class: ClassName=Sheet1 Member=Component U2 CD4051BCM
Added Member To Class: ClassName=Sheet1 Member=Component U3 PS7516
Added Member To Class: ClassName=Sheet1 Member=Component USB1 MICRO USB
Added Member To Class: ClassName=Sheet1 Member=Component Y1 XTAL_8M
Added Member To Class: ClassName=Sheet1 Member=Component Y2 XTAL_32.768K
Added Room: Name=Sheet1
