Removed Pin From Net: NetName=Net_3 Pin=-4
Removed Pin From Net: NetName=Net_3 Pin=C5-2
Change Component Comment : Designator=C4 Old Comment=0.1uF New Comment=0.1nF
Change Component Comment : Designator=C5 Old Comment=10uF New Comment=10nF
Change Component Designator: OldDesignator= NewDesignator=J1
Change Component Designator: OldDesignator= NewDesignator=J2
Change Component Designator: OldDesignator= NewDesignator=U2
Added Pin To Net: NetName=Net_2 Pin=C5-1
Added Pin To Net: NetName=Net_3 Pin=C5-2
Change Net Name : Old Net Name=Net_1 New Net Name=NetJ1_6
Change Net Name : Old Net Name=Net_2 New Net Name=NetC1_2
Change Net Name : Old Net Name=Net_2 New Net Name=NetC4_1
Change Net Name : Old Net Name=Net_3 New Net Name=NetC1_1
Change Net Name : Old Net Name=Net_3 New Net Name=NetC2_1
Change Net Name : Old Net Name=Net_4 New Net Name=NetJ2_4
Change Net Name : Old Net Name=Net_6 New Net Name=NetR4_1
Change Net Name : Old Net Name=Net_8 New Net Name=NetR3_2
Added Pin To Net: NetName=NetJ1_1 Pin=J1-1
Added Pin To Net: NetName=NetJ1_1 Pin=J1-4
Added Pin To Net: NetName=NetJ1_1 Pin=R2-1
Added Net: Name=NetJ1_1
Added Pin To Net: NetName=NetR3_1 Pin=R3-1
Added Pin To Net: NetName=NetR3_1 Pin=U2-1
Added Net: Name=NetR3_1
Added Member To Class: ClassName=Sheet2 Member=Component J1 Header 6
Added Member To Class: ClassName=Sheet2 Member=Component J2 Header 4
Added Member To Class: ClassName=Sheet2 Member=Component U2 AD623
