Removed Pin From Net: NetName=NetC2_1 Pin=-4
Added Component: Designator=C5(0402)
Added Pin To Net: NetName=NetC2_1 Pin=-4
Added Pin To Net: NetName=V- Pin=-4
Added Pin To Net: NetName=NetC4_1 Pin=C5-1
Added Pin To Net: NetName=NetC2_1 Pin=C5-2
Change Net Name : Old Net Name=NetC1_1 New Net Name=Net_3
Change Net Name : Old Net Name=NetC1_2 New Net Name=Net_2
Change Net Name : Old Net Name=NetC2_1 New Net Name=Net_3
Change Net Name : Old Net Name=NetC4_1 New Net Name=Net_2
Change Net Name : Old Net Name=NetIC1_1 New Net Name=Net_1
Change Net Name : Old Net Name=NetIC1_6 New Net Name=Net_6
Change Net Name : Old Net Name=NetIC1_8 New Net Name=Net_8
Change Net Name : Old Net Name=NetP1_1 New Net Name=Net_1
Change Net Name : Old Net Name=NetP1_6 New Net Name=Net_1
Change Net Name : Old Net Name=NetP2_4 New Net Name=Net_4
Added Member To Class: ClassName=Sheet2 Member=Component C5 10uF
Added Member To Class: ClassName=Sheet2 Member=Component  AD623
Added Member To Class: ClassName=Sheet2 Member=Component  Header 6
Added Member To Class: ClassName=Sheet2 Member=Component  Header 4
Added Room: Name=Sheet2
