Added Component: Designator=C1(0850)
Added Component: Designator=C2(0850)
Added Component: Designator=C3(0850)
Added Component: Designator=C4(0850)
Added Component: Designator=R1(0850)
Added Component: Designator=R2(0850)
Added Component: Designator=R3(0850)
Added Component: Designator=R4(0850)
Added Pin To Net: NetName=NetC1_1 Pin=C1-1
Added Pin To Net: NetName=NetC1_2 Pin=C1-2
Added Pin To Net: NetName=NetC2_1 Pin=C2-1
Added Pin To Net: NetName=NetC1_2 Pin=C2-2
Added Pin To Net: NetName=NetC1_1 Pin=C3-1
Added Pin To Net: NetName=NetC2_1 Pin=C3-2
Added Pin To Net: NetName=NetC4_1 Pin=C4-1
Added Pin To Net: NetName=NetC2_1 Pin=C4-2
Added Pin To Net: NetName=NetC2_1 Pin=R1-1
Added Pin To Net: NetName=NetC1_2 Pin=R1-2
Added Pin To Net: NetName=NetP1_1 Pin=R2-1
Added Pin To Net: NetName=NetC1_1 Pin=R2-2
Added Pin To Net: NetName=NetIC1_1 Pin=R3-1
Added Pin To Net: NetName=NetIC1_8 Pin=R3-2
Added Pin To Net: NetName=NetIC1_6 Pin=R4-1
Added Pin To Net: NetName=NetP2_4 Pin=R4-2
Added Member To Class: ClassName=Sheet2 Member=Component C1 1nF
Added Member To Class: ClassName=Sheet2 Member=Component C2 1nF
Added Member To Class: ClassName=Sheet2 Member=Component C3 1nF
Added Member To Class: ClassName=Sheet2 Member=Component C4 0.1nF
Added Member To Class: ClassName=Sheet2 Member=Component R1 1K
Added Member To Class: ClassName=Sheet2 Member=Component R2 1K
Added Member To Class: ClassName=Sheet2 Member=Component R3 10K
Added Member To Class: ClassName=Sheet2 Member=Component R4 100R
