Added Component: Designator=U1(SO8_M)
Add component. Clean all parameters for all variants
Added Component: Designator=U2(SO8_M)
Add component. Clean all parameters for all variants
Added Component: Designator=U3(SO8_M)
Add component. Clean all parameters for all variants
Added Component: Designator=U4(SO8_M)
Add component. Clean all parameters for all variants
Added Component: Designator=U5(SO8_M)
Add component. Clean all parameters for all variants
Added Component: Designator=U6(SO8_M)
Add component. Clean all parameters for all variants
Added Component: Designator=U7(SO8_M)
Add component. Clean all parameters for all variants
Added Component: Designator=U8(SO8_M)
Add component. Clean all parameters for all variants
Added Pin To Net: NetName=NetR5_2 Pin=U1-2
Added Pin To Net: NetName=GND Pin=U1-3
Added Pin To Net: NetName=GND Pin=U1-4
Added Pin To Net: NetName=OUT_1 Pin=U1-6
Added Pin To Net: NetName=+5 Pin=U1-7
Added Pin To Net: NetName=NetR6_2 Pin=U2-2
Added Pin To Net: NetName=GND Pin=U2-3
Added Pin To Net: NetName=GND Pin=U2-4
Added Pin To Net: NetName=OUT_2 Pin=U2-6
Added Pin To Net: NetName=+5 Pin=U2-7
Added Pin To Net: NetName=NetR7_2 Pin=U3-2
Added Pin To Net: NetName=GND Pin=U3-3
Added Pin To Net: NetName=GND Pin=U3-4
Added Pin To Net: NetName=OUT_3 Pin=U3-6
Added Pin To Net: NetName=+5 Pin=U3-7
Added Pin To Net: NetName=NetR8_2 Pin=U4-2
Added Pin To Net: NetName=GND Pin=U4-3
Added Pin To Net: NetName=GND Pin=U4-4
Added Pin To Net: NetName=OUT_4 Pin=U4-6
Added Pin To Net: NetName=+5 Pin=U4-7
Added Pin To Net: NetName=NetR17_2 Pin=U5-2
Added Pin To Net: NetName=GND Pin=U5-3
Added Pin To Net: NetName=GND Pin=U5-4
Added Pin To Net: NetName=OUT_5 Pin=U5-6
Added Pin To Net: NetName=+5 Pin=U5-7
Added Pin To Net: NetName=NetR18_2 Pin=U6-2
Added Pin To Net: NetName=GND Pin=U6-3
Added Pin To Net: NetName=GND Pin=U6-4
Added Pin To Net: NetName=OUT_6 Pin=U6-6
Added Pin To Net: NetName=+5 Pin=U6-7
Added Pin To Net: NetName=NetR19_2 Pin=U7-2
Added Pin To Net: NetName=GND Pin=U7-3
Added Pin To Net: NetName=GND Pin=U7-4
Added Pin To Net: NetName=OUT_7 Pin=U7-6
Added Pin To Net: NetName=+5 Pin=U7-7
Added Pin To Net: NetName=NetR20_2 Pin=U8-2
Added Pin To Net: NetName=GND Pin=U8-3
Added Pin To Net: NetName=GND Pin=U8-4
Added Pin To Net: NetName=OUT_8 Pin=U8-6
Added Pin To Net: NetName=+5 Pin=U8-7
Added Member To Class: ClassName=Sheet1 Member=Component U1 CA3140
Added Member To Class: ClassName=Sheet1 Member=Component U2 CA3140
Added Member To Class: ClassName=Sheet1 Member=Component U3 CA3140
Added Member To Class: ClassName=Sheet1 Member=Component U4 CA3140
Added Member To Class: ClassName=Sheet1 Member=Component U5 CA3140
Added Member To Class: ClassName=Sheet1 Member=Component U6 CA3140
Added Member To Class: ClassName=Sheet1 Member=Component U7 CA3140
Added Member To Class: ClassName=Sheet1 Member=Component U8 CA3140
