Added Component: Designator=C1(6-0805_L)
Add component. Clean all parameters for all variants
Added Component: Designator=C2(6-0805_L)
Add component. Clean all parameters for all variants
Added Component: Designator=C3(6-0805_L)
Add component. Clean all parameters for all variants
Added Component: Designator=C4(6-0805_L)
Add component. Clean all parameters for all variants
Added Component: Designator=C5(6-0805_L)
Add component. Clean all parameters for all variants
Added Component: Designator=C6(6-0805_L)
Add component. Clean all parameters for all variants
Added Component: Designator=C7(6-0805_L)
Add component. Clean all parameters for all variants
Added Component: Designator=C8(6-0805_L)
Add component. Clean all parameters for all variants
Added Component: Designator=C9(6-0805_L)
Add component. Clean all parameters for all variants
Added Component: Designator=C10(6-0805_L)
Add component. Clean all parameters for all variants
Added Component: Designator=C11(6-0805_L)
Add component. Clean all parameters for all variants
Added Component: Designator=C12(6-0805_L)
Add component. Clean all parameters for all variants
Added Component: Designator=C13(6-0805_L)
Add component. Clean all parameters for all variants
Added Component: Designator=C14(6-0805_L)
Add component. Clean all parameters for all variants
Added Component: Designator=C15(6-0805_L)
Add component. Clean all parameters for all variants
Added Component: Designator=C16(6-0805_L)
Add component. Clean all parameters for all variants
Added Component: Designator=D?(6-0805_M)
Add component. Clean all parameters for all variants
Added Component: Designator=J1(HDR1X7)
Add component. Clean all parameters for all variants
Added Component: Designator=J2(XH2.54-8P)
Add component. Clean all parameters for all variants
Added Component: Designator=R1(6-0805_M)
Add component. Clean all parameters for all variants
Added Component: Designator=R2(6-0805_M)
Add component. Clean all parameters for all variants
Added Component: Designator=R3(6-0805_M)
Add component. Clean all parameters for all variants
Added Component: Designator=R4(6-0805_M)
Add component. Clean all parameters for all variants
Added Component: Designator=R5(6-0805_M)
Add component. Clean all parameters for all variants
Added Component: Designator=R6(6-0805_M)
Add component. Clean all parameters for all variants
Added Component: Designator=R7(6-0805_M)
Add component. Clean all parameters for all variants
Added Component: Designator=R8(6-0805_M)
Add component. Clean all parameters for all variants
Added Component: Designator=R9(6-0805_M)
Add component. Clean all parameters for all variants
Added Component: Designator=R10(6-0805_M)
Add component. Clean all parameters for all variants
Added Component: Designator=R11(6-0805_M)
Add component. Clean all parameters for all variants
Added Component: Designator=R12(6-0805_M)
Add component. Clean all parameters for all variants
Added Component: Designator=R13(6-0805_M)
Add component. Clean all parameters for all variants
Added Component: Designator=R14(6-0805_M)
Add component. Clean all parameters for all variants
Added Component: Designator=R15(6-0805_M)
Add component. Clean all parameters for all variants
Added Component: Designator=R16(6-0805_M)
Add component. Clean all parameters for all variants
Added Component: Designator=R17(6-0805_M)
Add component. Clean all parameters for all variants
Added Component: Designator=R18(6-0805_M)
Add component. Clean all parameters for all variants
Added Component: Designator=R19(6-0805_M)
Add component. Clean all parameters for all variants
Added Component: Designator=R20(6-0805_M)
Add component. Clean all parameters for all variants
Added Component: Designator=R21(6-0805_M)
Add component. Clean all parameters for all variants
Added Component: Designator=R22(6-0805_M)
Add component. Clean all parameters for all variants
Added Component: Designator=R23(6-0805_M)
Add component. Clean all parameters for all variants
Added Component: Designator=R24(6-0805_M)
Add component. Clean all parameters for all variants
Added Component: Designator=R25(6-0805_M)
Add component. Clean all parameters for all variants
Added Component: Designator=R26(6-0805_M)
Add component. Clean all parameters for all variants
Added Component: Designator=U9(M16A_N)
Add component. Clean all parameters for all variants
Add component (AddParameter): Name = "Code_IPC"; Value = "SOIC127P600-16"; VariantName = "[No Variations]"
Add component (AddParameter): Name = "ComponentLink1Description"; Value = "Manufacturer Link"; VariantName = "[No Variations]"
Add component (AddParameter): Name = "ComponentLink1URL"; Value = "http://www.fairchildsemi.com/"; VariantName = "[No Variations]"
Add component (AddParameter): Name = "ComponentLink2Description"; Value = "Datasheet"; VariantName = "[No Variations]"
Add component (AddParameter): Name = "ComponentLink2URL"; Value = "http://www.fairchildsemi.com/ds/CD%2FCD4052BC.pdf"; VariantName = "[No Variations]"
Add component (AddParameter): Name = "DatasheetVersion"; Value = "Jan-1999"; VariantName = "[No Variations]"
Add component (AddParameter): Name = "LatestRevisionDate"; Value = "13-Apr-2006"; VariantName = "[No Variations]"
Add component (AddParameter): Name = "LatestRevisionNote"; Value = "IPC-7351 Footprint Added."; VariantName = "[No Variations]"
Add component (AddParameter): Name = "PackageDescription"; Value = "16-Pin Small Outline Integrated Circuit 1.27 mm Pitch"; VariantName = "[No Variations]"
Add component (AddParameter): Name = "PackageReference"; Value = "M16A"; VariantName = "[No Variations]"
Add component (AddParameter): Name = "PackageVersion"; Value = "2000"; VariantName = "[No Variations]"
Add component (AddParameter): Name = "Published"; Value = "17-Jul-2002"; VariantName = "[No Variations]"
Add component (AddParameter): Name = "Publisher"; Value = "Altium Limited"; VariantName = "[No Variations]"
Added Pin To Net: NetName=+5 Pin=J1-5
Added Pin To Net: NetName=+5 Pin=R25-2
Added Pin To Net: NetName=+5 Pin=R26-2
Added Pin To Net: NetName=+5 Pin=U9-16
Added Net: Name=+5
Added Pin To Net: NetName=Address_A Pin=J1-1
Added Pin To Net: NetName=Address_A Pin=U9-11
Added Net: Name=Address_A
Added Pin To Net: NetName=Address_B Pin=J1-2
Added Pin To Net: NetName=Address_B Pin=U9-10
Added Net: Name=Address_B
Added Pin To Net: NetName=Address_C Pin=J1-3
Added Pin To Net: NetName=Address_C Pin=U9-9
Added Net: Name=Address_C
Added Pin To Net: NetName=Common_Out Pin=J1-6
Added Pin To Net: NetName=Common_Out Pin=U9-3
Added Net: Name=Common_Out
Added Pin To Net: NetName=EX0 Pin=J1-7
Added Pin To Net: NetName=EX0 Pin=R25-1
Added Net: Name=EX0
Added Pin To Net: NetName=GND Pin=D?-2
Added Pin To Net: NetName=GND Pin=J1-4
Added Pin To Net: NetName=GND Pin=U9-6
Added Pin To Net: NetName=GND Pin=U9-7
Added Pin To Net: NetName=GND Pin=U9-8
Added Net: Name=GND
Added Pin To Net: NetName=IN_1 Pin=J2-8
Added Pin To Net: NetName=IN_1 Pin=R1-1
Added Net: Name=IN_1
Added Pin To Net: NetName=IN_2 Pin=J2-7
Added Pin To Net: NetName=IN_2 Pin=R2-1
Added Net: Name=IN_2
Added Pin To Net: NetName=IN_3 Pin=J2-6
Added Pin To Net: NetName=IN_3 Pin=R3-1
Added Net: Name=IN_3
Added Pin To Net: NetName=IN_4 Pin=J2-5
Added Pin To Net: NetName=IN_4 Pin=R4-1
Added Net: Name=IN_4
Added Pin To Net: NetName=IN_5 Pin=J2-4
Added Pin To Net: NetName=IN_5 Pin=R13-1
Added Net: Name=IN_5
Added Pin To Net: NetName=IN_6 Pin=J2-3
Added Pin To Net: NetName=IN_6 Pin=R14-1
Added Net: Name=IN_6
Added Pin To Net: NetName=IN_7 Pin=J2-2
Added Pin To Net: NetName=IN_7 Pin=R15-1
Added Net: Name=IN_7
Added Pin To Net: NetName=IN_8 Pin=J2-1
Added Pin To Net: NetName=IN_8 Pin=R16-1
Added Net: Name=IN_8
Added Pin To Net: NetName=NetC1_1 Pin=C1-1
Added Pin To Net: NetName=NetC1_1 Pin=C5-1
Added Pin To Net: NetName=NetC1_1 Pin=R1-2
Added Net: Name=NetC1_1
Added Pin To Net: NetName=NetC1_2 Pin=C1-2
Added Pin To Net: NetName=NetC1_2 Pin=R5-1
Added Pin To Net: NetName=NetC1_2 Pin=R9-1
Added Net: Name=NetC1_2
Added Pin To Net: NetName=NetC2_1 Pin=C2-1
Added Pin To Net: NetName=NetC2_1 Pin=C6-1
Added Pin To Net: NetName=NetC2_1 Pin=R2-2
Added Net: Name=NetC2_1
Added Pin To Net: NetName=NetC2_2 Pin=C2-2
Added Pin To Net: NetName=NetC2_2 Pin=R6-1
Added Pin To Net: NetName=NetC2_2 Pin=R10-1
Added Net: Name=NetC2_2
Added Pin To Net: NetName=NetC3_1 Pin=C3-1
Added Pin To Net: NetName=NetC3_1 Pin=C7-1
Added Pin To Net: NetName=NetC3_1 Pin=R3-2
Added Net: Name=NetC3_1
Added Pin To Net: NetName=NetC3_2 Pin=C3-2
Added Pin To Net: NetName=NetC3_2 Pin=R7-1
Added Pin To Net: NetName=NetC3_2 Pin=R11-1
Added Net: Name=NetC3_2
Added Pin To Net: NetName=NetC4_1 Pin=C4-1
Added Pin To Net: NetName=NetC4_1 Pin=C8-1
Added Pin To Net: NetName=NetC4_1 Pin=R4-2
Added Net: Name=NetC4_1
Added Pin To Net: NetName=NetC4_2 Pin=C4-2
Added Pin To Net: NetName=NetC4_2 Pin=R8-1
Added Pin To Net: NetName=NetC4_2 Pin=R12-1
Added Net: Name=NetC4_2
Added Pin To Net: NetName=NetC9_1 Pin=C9-1
Added Pin To Net: NetName=NetC9_1 Pin=C13-1
Added Pin To Net: NetName=NetC9_1 Pin=R13-2
Added Net: Name=NetC9_1
Added Pin To Net: NetName=NetC9_2 Pin=C9-2
Added Pin To Net: NetName=NetC9_2 Pin=R17-1
Added Pin To Net: NetName=NetC9_2 Pin=R21-1
Added Net: Name=NetC9_2
Added Pin To Net: NetName=NetC10_1 Pin=C10-1
Added Pin To Net: NetName=NetC10_1 Pin=C14-1
Added Pin To Net: NetName=NetC10_1 Pin=R14-2
Added Net: Name=NetC10_1
Added Pin To Net: NetName=NetC10_2 Pin=C10-2
Added Pin To Net: NetName=NetC10_2 Pin=R18-1
Added Pin To Net: NetName=NetC10_2 Pin=R22-1
Added Net: Name=NetC10_2
Added Pin To Net: NetName=NetC11_1 Pin=C11-1
Added Pin To Net: NetName=NetC11_1 Pin=C15-1
Added Pin To Net: NetName=NetC11_1 Pin=R15-2
Added Net: Name=NetC11_1
Added Pin To Net: NetName=NetC11_2 Pin=C11-2
Added Pin To Net: NetName=NetC11_2 Pin=R19-1
Added Pin To Net: NetName=NetC11_2 Pin=R23-1
Added Net: Name=NetC11_2
Added Pin To Net: NetName=NetC12_1 Pin=C12-1
Added Pin To Net: NetName=NetC12_1 Pin=C16-1
Added Pin To Net: NetName=NetC12_1 Pin=R16-2
Added Net: Name=NetC12_1
Added Pin To Net: NetName=NetC12_2 Pin=C12-2
Added Pin To Net: NetName=NetC12_2 Pin=R20-1
Added Pin To Net: NetName=NetC12_2 Pin=R24-1
Added Net: Name=NetC12_2
Added Pin To Net: NetName=NetD?_1 Pin=D?-1
Added Pin To Net: NetName=NetD?_1 Pin=R26-1
Added Net: Name=NetD?_1
Added Pin To Net: NetName=NetR5_2 Pin=R5-2
Added Net: Name=NetR5_2
Added Pin To Net: NetName=NetR6_2 Pin=R6-2
Added Net: Name=NetR6_2
Added Pin To Net: NetName=NetR7_2 Pin=R7-2
Added Net: Name=NetR7_2
Added Pin To Net: NetName=NetR8_2 Pin=R8-2
Added Net: Name=NetR8_2
Added Pin To Net: NetName=NetR17_2 Pin=R17-2
Added Net: Name=NetR17_2
Added Pin To Net: NetName=NetR18_2 Pin=R18-2
Added Net: Name=NetR18_2
Added Pin To Net: NetName=NetR19_2 Pin=R19-2
Added Net: Name=NetR19_2
Added Pin To Net: NetName=NetR20_2 Pin=R20-2
Added Net: Name=NetR20_2
Added Pin To Net: NetName=OUT_1 Pin=C5-2
Added Pin To Net: NetName=OUT_1 Pin=R9-2
Added Pin To Net: NetName=OUT_1 Pin=U9-13
Added Net: Name=OUT_1
Added Pin To Net: NetName=OUT_2 Pin=C6-2
Added Pin To Net: NetName=OUT_2 Pin=R10-2
Added Pin To Net: NetName=OUT_2 Pin=U9-14
Added Net: Name=OUT_2
Added Pin To Net: NetName=OUT_3 Pin=C7-2
Added Pin To Net: NetName=OUT_3 Pin=R11-2
Added Pin To Net: NetName=OUT_3 Pin=U9-15
Added Net: Name=OUT_3
Added Pin To Net: NetName=OUT_4 Pin=C8-2
Added Pin To Net: NetName=OUT_4 Pin=R12-2
Added Pin To Net: NetName=OUT_4 Pin=U9-12
Added Net: Name=OUT_4
Added Pin To Net: NetName=OUT_5 Pin=C13-2
Added Pin To Net: NetName=OUT_5 Pin=R21-2
Added Pin To Net: NetName=OUT_5 Pin=U9-1
Added Net: Name=OUT_5
Added Pin To Net: NetName=OUT_6 Pin=C14-2
Added Pin To Net: NetName=OUT_6 Pin=R22-2
Added Pin To Net: NetName=OUT_6 Pin=U9-5
Added Net: Name=OUT_6
Added Pin To Net: NetName=OUT_7 Pin=C15-2
Added Pin To Net: NetName=OUT_7 Pin=R23-2
Added Pin To Net: NetName=OUT_7 Pin=U9-2
Added Net: Name=OUT_7
Added Pin To Net: NetName=OUT_8 Pin=C16-2
Added Pin To Net: NetName=OUT_8 Pin=R24-2
Added Pin To Net: NetName=OUT_8 Pin=U9-4
Added Net: Name=OUT_8
Added Class: Name=Sheet1
