Change Component Designator: Old Designator=C3 New Designator=C5
Change Component Designator: Old Designator=C4 New Designator=C9
Change Component Designator: Old Designator=C5 New Designator=C15
Change Component Designator: Old Designator=C6 New Designator=C3
Change Component Designator: Old Designator=C7 New Designator=C6
Change Component Designator: Old Designator=C8 New Designator=C4
Change Component Designator: Old Designator=C9 New Designator=C7
Change Component Designator: Old Designator=C10 New Designator=C8
Change Component Designator: Old Designator=C11 New Designator=C10
Change Component Designator: Old Designator=C12 New Designator=C11
Change Component Designator: Old Designator=C13 New Designator=C12
Change Component Designator: Old Designator=C14 New Designator=C13
Change Component Designator: Old Designator=C15 New Designator=C14
Change Component Designator: Old Designator=J7 New Designator=J4
Change Component Designator: Old Designator=J8 New Designator=J5
Change Component Designator: Old Designator=J9 New Designator=J6
Change Component Designator: Old Designator=J10 New Designator=J7
Change Component Designator: Old Designator=J11 New Designator=J8
Change Component Designator: Old Designator=J12 New Designator=J9
Change Component Designator: Old Designator=J13 New Designator=J10
Change Component Designator: Old Designator=J14 New Designator=J11
Change Component Designator: Old Designator=J15 New Designator=J12
Change Component Designator: Old Designator=J16 New Designator=J13
Change Component Designator: Old Designator=J17 New Designator=J14
Change Component Designator: Old Designator=J18 New Designator=J15
Change Component Designator: Old Designator=J19 New Designator=J16
Change Component Designator: Old Designator=J20 New Designator=J17
Change Component Designator: Old Designator=J21 New Designator=J18
Change Component Designator: Old Designator=Power New Designator=Power1
Change Component Designator: Old Designator=R1 New Designator=R4
Change Component Designator: Old Designator=R2 New Designator=R6
Change Component Designator: Old Designator=R3 New Designator=R1
Change Component Designator: Old Designator=R4 New Designator=R3
Change Component Designator: Old Designator=R6 New Designator=R8
Change Component Designator: Old Designator=R7 New Designator=R2
Change Component Designator: Old Designator=R8 New Designator=R7
Change Component Designator: Old Designator=Statu New Designator=Statu1
