Added Component: Designator=C1(6-0805_L)
Add component. Clean all parameters for all variants
Added Component: Designator=C2(6-0805_L)
Add component. Clean all parameters for all variants
Added Component: Designator=C3(6-0805_L)
Add component. Clean all parameters for all variants
Added Component: Designator=C4(6-0805_L)
Add component. Clean all parameters for all variants
Added Component: Designator=C5(6-0805_L)
Add component. Clean all parameters for all variants
Added Component: Designator=C6(6-0805_L)
Add component. Clean all parameters for all variants
Added Component: Designator=C7(6-0805_L)
Add component. Clean all parameters for all variants
Added Component: Designator=C8(6-0805_L)
Add component. Clean all parameters for all variants
Added Component: Designator=C9(6-0805_L)
Add component. Clean all parameters for all variants
Added Component: Designator=C10(6-0805_L)
Add component. Clean all parameters for all variants
Added Component: Designator=C11(6-0805_L)
Add component. Clean all parameters for all variants
Added Component: Designator=C12(6-0805_L)
Add component. Clean all parameters for all variants
Added Component: Designator=C13(6-0805_L)
Add component. Clean all parameters for all variants
Added Component: Designator=C14(6-0805_L)
Add component. Clean all parameters for all variants
Added Component: Designator=C15(6-0805_L)
Add component. Clean all parameters for all variants
Added Component: Designator=C16(6-0805_L)
Add component. Clean all parameters for all variants
Added Component: Designator=J1(XH2.54-8P)
Add component. Clean all parameters for all variants
Added Component: Designator=J2(XH2.54-6P)
Add component. Clean all parameters for all variants
Added Component: Designator=R1(6-0805_M)
Add component. Clean all parameters for all variants
Added Component: Designator=R2(6-0805_M)
Add component. Clean all parameters for all variants
Added Component: Designator=R3(6-0805_M)
Add component. Clean all parameters for all variants
Added Component: Designator=R4(6-0805_M)
Add component. Clean all parameters for all variants
Added Component: Designator=R5(6-0805_M)
Add component. Clean all parameters for all variants
Added Component: Designator=R6(6-0805_M)
Add component. Clean all parameters for all variants
Added Component: Designator=R7(6-0805_M)
Add component. Clean all parameters for all variants
Added Component: Designator=R8(6-0805_M)
Add component. Clean all parameters for all variants
Added Component: Designator=R9(6-0805_M)
Add component. Clean all parameters for all variants
Added Component: Designator=R10(6-0805_M)
Add component. Clean all parameters for all variants
Added Component: Designator=R11(6-0805_M)
Add component. Clean all parameters for all variants
Added Component: Designator=R12(6-0805_M)
Add component. Clean all parameters for all variants
Added Component: Designator=R13(6-0805_M)
Add component. Clean all parameters for all variants
Added Component: Designator=R14(6-0805_M)
Add component. Clean all parameters for all variants
Added Component: Designator=R15(6-0805_M)
Add component. Clean all parameters for all variants
Added Component: Designator=R16(6-0805_M)
Add component. Clean all parameters for all variants
Added Component: Designator=R17(6-0805_M)
Add component. Clean all parameters for all variants
Added Component: Designator=R18(6-0805_M)
Add component. Clean all parameters for all variants
Added Component: Designator=R19(6-0805_M)
Add component. Clean all parameters for all variants
Added Component: Designator=R20(6-0805_M)
Add component. Clean all parameters for all variants
Added Component: Designator=R21(6-0805_M)
Add component. Clean all parameters for all variants
Added Component: Designator=R22(6-0805_M)
Add component. Clean all parameters for all variants
Added Component: Designator=R23(6-0805_M)
Add component. Clean all parameters for all variants
Added Component: Designator=R24(6-0805_M)
Add component. Clean all parameters for all variants
Added Component: Designator=U1(D014_N)
Add component. Clean all parameters for all variants
Add component (AddParameter): Name = "Code_IPC"; Value = "SOIC127P600-14"; VariantName = "[No Variations]"
Add component (AddParameter): Name = "ComponentLink1Description"; Value = "Manufacturer Link"; VariantName = "[No Variations]"
Add component (AddParameter): Name = "ComponentLink1URL"; Value = "http://www.ti.com/"; VariantName = "[No Variations]"
Add component (AddParameter): Name = "ComponentLink2Description"; Value = "Datasheet"; VariantName = "[No Variations]"
Add component (AddParameter): Name = "ComponentLink2URL"; Value = "http://www-s.ti.com/sc/ds/lm324.pdf"; VariantName = "[No Variations]"
Add component (AddParameter): Name = "DatasheetVersion"; Value = "Jan-1989"; VariantName = "[No Variations]"
Add component (AddParameter): Name = "LatestRevisionDate"; Value = "13-Apr-2006"; VariantName = "[No Variations]"
Add component (AddParameter): Name = "LatestRevisionNote"; Value = "IPC-7351 Footprint Added."; VariantName = "[No Variations]"
Add component (AddParameter): Name = "PackageDescription"; Value = "14-Pin Small Outline Integrated Circuit 1.27 mm Pitch"; VariantName = "[No Variations]"
Add component (AddParameter): Name = "PackageReference"; Value = "D014"; VariantName = "[No Variations]"
Add component (AddParameter): Name = "PackageVersion"; Value = "Jan-1998"; VariantName = "[No Variations]"
Add component (AddParameter): Name = "Published"; Value = "15-Apr-2002"; VariantName = "[No Variations]"
Add component (AddParameter): Name = "Publisher"; Value = "Altium Limited"; VariantName = "[No Variations]"
Added Component: Designator=U2(D014_N)
Add component. Clean all parameters for all variants
Add component (AddParameter): Name = "Code_IPC"; Value = "SOIC127P600-14"; VariantName = "[No Variations]"
Add component (AddParameter): Name = "ComponentLink1Description"; Value = "Manufacturer Link"; VariantName = "[No Variations]"
Add component (AddParameter): Name = "ComponentLink1URL"; Value = "http://www.ti.com/"; VariantName = "[No Variations]"
Add component (AddParameter): Name = "ComponentLink2Description"; Value = "Datasheet"; VariantName = "[No Variations]"
Add component (AddParameter): Name = "ComponentLink2URL"; Value = "http://www-s.ti.com/sc/ds/lm324.pdf"; VariantName = "[No Variations]"
Add component (AddParameter): Name = "DatasheetVersion"; Value = "Jan-1989"; VariantName = "[No Variations]"
Add component (AddParameter): Name = "LatestRevisionDate"; Value = "13-Apr-2006"; VariantName = "[No Variations]"
Add component (AddParameter): Name = "LatestRevisionNote"; Value = "IPC-7351 Footprint Added."; VariantName = "[No Variations]"
Add component (AddParameter): Name = "PackageDescription"; Value = "14-Pin Small Outline Integrated Circuit 1.27 mm Pitch"; VariantName = "[No Variations]"
Add component (AddParameter): Name = "PackageReference"; Value = "D014"; VariantName = "[No Variations]"
Add component (AddParameter): Name = "PackageVersion"; Value = "Jan-1998"; VariantName = "[No Variations]"
Add component (AddParameter): Name = "Published"; Value = "15-Apr-2002"; VariantName = "[No Variations]"
Add component (AddParameter): Name = "Publisher"; Value = "Altium Limited"; VariantName = "[No Variations]"
Added Component: Designator=U3(M16A_N)
Add component. Clean all parameters for all variants
Add component (AddParameter): Name = "Code_IPC"; Value = "SOIC127P600-16"; VariantName = "[No Variations]"
Add component (AddParameter): Name = "ComponentLink1Description"; Value = "Manufacturer Link"; VariantName = "[No Variations]"
Add component (AddParameter): Name = "ComponentLink1URL"; Value = "http://www.fairchildsemi.com/"; VariantName = "[No Variations]"
Add component (AddParameter): Name = "ComponentLink2Description"; Value = "Datasheet"; VariantName = "[No Variations]"
Add component (AddParameter): Name = "ComponentLink2URL"; Value = "http://www.fairchildsemi.com/ds/CD%2FCD4052BC.pdf"; VariantName = "[No Variations]"
Add component (AddParameter): Name = "DatasheetVersion"; Value = "Jan-1999"; VariantName = "[No Variations]"
Add component (AddParameter): Name = "LatestRevisionDate"; Value = "13-Apr-2006"; VariantName = "[No Variations]"
Add component (AddParameter): Name = "LatestRevisionNote"; Value = "IPC-7351 Footprint Added."; VariantName = "[No Variations]"
Add component (AddParameter): Name = "PackageDescription"; Value = "16-Pin Small Outline Integrated Circuit 1.27 mm Pitch"; VariantName = "[No Variations]"
Add component (AddParameter): Name = "PackageReference"; Value = "M16A"; VariantName = "[No Variations]"
Add component (AddParameter): Name = "PackageVersion"; Value = "2000"; VariantName = "[No Variations]"
Add component (AddParameter): Name = "Published"; Value = "17-Jul-2002"; VariantName = "[No Variations]"
Add component (AddParameter): Name = "Publisher"; Value = "Altium Limited"; VariantName = "[No Variations]"
Added Pin To Net: NetName=+5 Pin=J2-4
Added Pin To Net: NetName=+5 Pin=U1-4
Added Pin To Net: NetName=+5 Pin=U2-4
Added Pin To Net: NetName=+5 Pin=U3-16
Added Net: Name=+5
Added Pin To Net: NetName=Address_A Pin=J2-1
Added Pin To Net: NetName=Address_A Pin=U3-11
Added Net: Name=Address_A
Added Pin To Net: NetName=Address_B Pin=J2-2
Added Pin To Net: NetName=Address_B Pin=U3-10
Added Net: Name=Address_B
Added Pin To Net: NetName=Address_C Pin=J2-3
Added Pin To Net: NetName=Address_C Pin=U3-9
Added Net: Name=Address_C
Added Pin To Net: NetName=Channel_1 Pin=C5-2
Added Pin To Net: NetName=Channel_1 Pin=R9-2
Added Pin To Net: NetName=Channel_1 Pin=U1-1
Added Pin To Net: NetName=Channel_1 Pin=U3-13
Added Net: Name=Channel_1
Added Pin To Net: NetName=Channel_2 Pin=C6-2
Added Pin To Net: NetName=Channel_2 Pin=R10-2
Added Pin To Net: NetName=Channel_2 Pin=U1-7
Added Pin To Net: NetName=Channel_2 Pin=U3-14
Added Net: Name=Channel_2
Added Pin To Net: NetName=Channel_3 Pin=C7-2
Added Pin To Net: NetName=Channel_3 Pin=R11-2
Added Pin To Net: NetName=Channel_3 Pin=U1-8
Added Pin To Net: NetName=Channel_3 Pin=U3-15
Added Net: Name=Channel_3
Added Pin To Net: NetName=Channel_4 Pin=C8-2
Added Pin To Net: NetName=Channel_4 Pin=R12-2
Added Pin To Net: NetName=Channel_4 Pin=U1-14
Added Pin To Net: NetName=Channel_4 Pin=U3-12
Added Net: Name=Channel_4
Added Pin To Net: NetName=Channel_5 Pin=C13-2
Added Pin To Net: NetName=Channel_5 Pin=R21-2
Added Pin To Net: NetName=Channel_5 Pin=U2-1
Added Pin To Net: NetName=Channel_5 Pin=U3-1
Added Net: Name=Channel_5
Added Pin To Net: NetName=Channel_6 Pin=C14-2
Added Pin To Net: NetName=Channel_6 Pin=R22-2
Added Pin To Net: NetName=Channel_6 Pin=U2-7
Added Pin To Net: NetName=Channel_6 Pin=U3-5
Added Net: Name=Channel_6
Added Pin To Net: NetName=Channel_7 Pin=C15-2
Added Pin To Net: NetName=Channel_7 Pin=R23-2
Added Pin To Net: NetName=Channel_7 Pin=U2-8
Added Pin To Net: NetName=Channel_7 Pin=U3-2
Added Net: Name=Channel_7
Added Pin To Net: NetName=Channel_8 Pin=C16-2
Added Pin To Net: NetName=Channel_8 Pin=R24-2
Added Pin To Net: NetName=Channel_8 Pin=U2-14
Added Pin To Net: NetName=Channel_8 Pin=U3-4
Added Net: Name=Channel_8
Added Pin To Net: NetName=Common_Out Pin=J2-6
Added Pin To Net: NetName=Common_Out Pin=U3-3
Added Net: Name=Common_Out
Added Pin To Net: NetName=GND Pin=J2-5
Added Pin To Net: NetName=GND Pin=U1-3
Added Pin To Net: NetName=GND Pin=U1-5
Added Pin To Net: NetName=GND Pin=U1-10
Added Pin To Net: NetName=GND Pin=U1-11
Added Pin To Net: NetName=GND Pin=U1-12
Added Pin To Net: NetName=GND Pin=U2-3
Added Pin To Net: NetName=GND Pin=U2-5
Added Pin To Net: NetName=GND Pin=U2-10
Added Pin To Net: NetName=GND Pin=U2-11
Added Pin To Net: NetName=GND Pin=U2-12
Added Pin To Net: NetName=GND Pin=U3-6
Added Pin To Net: NetName=GND Pin=U3-7
Added Pin To Net: NetName=GND Pin=U3-8
Added Net: Name=GND
Added Pin To Net: NetName=In_1 Pin=J1-1
Added Pin To Net: NetName=In_1 Pin=R1-1
Added Net: Name=In_1
Added Pin To Net: NetName=In_2 Pin=J1-2
Added Pin To Net: NetName=In_2 Pin=R2-1
Added Net: Name=In_2
Added Pin To Net: NetName=In_3 Pin=J1-3
Added Pin To Net: NetName=In_3 Pin=R3-1
Added Net: Name=In_3
Added Pin To Net: NetName=In_4 Pin=J1-4
Added Pin To Net: NetName=In_4 Pin=R4-1
Added Net: Name=In_4
Added Pin To Net: NetName=In_5 Pin=J1-5
Added Pin To Net: NetName=In_5 Pin=R13-1
Added Net: Name=In_5
Added Pin To Net: NetName=In_6 Pin=J1-6
Added Pin To Net: NetName=In_6 Pin=R14-1
Added Net: Name=In_6
Added Pin To Net: NetName=In_7 Pin=J1-7
Added Pin To Net: NetName=In_7 Pin=R15-1
Added Net: Name=In_7
Added Pin To Net: NetName=In_8 Pin=J1-8
Added Pin To Net: NetName=In_8 Pin=R16-1
Added Net: Name=In_8
Added Pin To Net: NetName=NetC1_1 Pin=C1-1
Added Pin To Net: NetName=NetC1_1 Pin=C5-1
Added Pin To Net: NetName=NetC1_1 Pin=R1-2
Added Net: Name=NetC1_1
Added Pin To Net: NetName=NetC1_2 Pin=C1-2
Added Pin To Net: NetName=NetC1_2 Pin=R5-1
Added Pin To Net: NetName=NetC1_2 Pin=R9-1
Added Net: Name=NetC1_2
Added Pin To Net: NetName=NetC2_1 Pin=C2-1
Added Pin To Net: NetName=NetC2_1 Pin=C6-1
Added Pin To Net: NetName=NetC2_1 Pin=R2-2
Added Net: Name=NetC2_1
Added Pin To Net: NetName=NetC2_2 Pin=C2-2
Added Pin To Net: NetName=NetC2_2 Pin=R6-1
Added Pin To Net: NetName=NetC2_2 Pin=R10-1
Added Net: Name=NetC2_2
Added Pin To Net: NetName=NetC3_1 Pin=C3-1
Added Pin To Net: NetName=NetC3_1 Pin=C7-1
Added Pin To Net: NetName=NetC3_1 Pin=R3-2
Added Net: Name=NetC3_1
Added Pin To Net: NetName=NetC3_2 Pin=C3-2
Added Pin To Net: NetName=NetC3_2 Pin=R7-1
Added Pin To Net: NetName=NetC3_2 Pin=R11-1
Added Net: Name=NetC3_2
Added Pin To Net: NetName=NetC4_1 Pin=C4-1
Added Pin To Net: NetName=NetC4_1 Pin=C8-1
Added Pin To Net: NetName=NetC4_1 Pin=R4-2
Added Net: Name=NetC4_1
Added Pin To Net: NetName=NetC4_2 Pin=C4-2
Added Pin To Net: NetName=NetC4_2 Pin=R8-1
Added Pin To Net: NetName=NetC4_2 Pin=R12-1
Added Net: Name=NetC4_2
Added Pin To Net: NetName=NetC9_1 Pin=C9-1
Added Pin To Net: NetName=NetC9_1 Pin=C13-1
Added Pin To Net: NetName=NetC9_1 Pin=R13-2
Added Net: Name=NetC9_1
Added Pin To Net: NetName=NetC9_2 Pin=C9-2
Added Pin To Net: NetName=NetC9_2 Pin=R17-1
Added Pin To Net: NetName=NetC9_2 Pin=R21-1
Added Net: Name=NetC9_2
Added Pin To Net: NetName=NetC10_1 Pin=C10-1
Added Pin To Net: NetName=NetC10_1 Pin=C14-1
Added Pin To Net: NetName=NetC10_1 Pin=R14-2
Added Net: Name=NetC10_1
Added Pin To Net: NetName=NetC10_2 Pin=C10-2
Added Pin To Net: NetName=NetC10_2 Pin=R18-1
Added Pin To Net: NetName=NetC10_2 Pin=R22-1
Added Net: Name=NetC10_2
Added Pin To Net: NetName=NetC11_1 Pin=C11-1
Added Pin To Net: NetName=NetC11_1 Pin=C15-1
Added Pin To Net: NetName=NetC11_1 Pin=R15-2
Added Net: Name=NetC11_1
Added Pin To Net: NetName=NetC11_2 Pin=C11-2
Added Pin To Net: NetName=NetC11_2 Pin=R19-1
Added Pin To Net: NetName=NetC11_2 Pin=R23-1
Added Net: Name=NetC11_2
Added Pin To Net: NetName=NetC12_1 Pin=C12-1
Added Pin To Net: NetName=NetC12_1 Pin=C16-1
Added Pin To Net: NetName=NetC12_1 Pin=R16-2
Added Net: Name=NetC12_1
Added Pin To Net: NetName=NetC12_2 Pin=C12-2
Added Pin To Net: NetName=NetC12_2 Pin=R20-1
Added Pin To Net: NetName=NetC12_2 Pin=R24-1
Added Net: Name=NetC12_2
Added Pin To Net: NetName=NetR5_2 Pin=R5-2
Added Pin To Net: NetName=NetR5_2 Pin=U1-2
Added Net: Name=NetR5_2
Added Pin To Net: NetName=NetR6_2 Pin=R6-2
Added Pin To Net: NetName=NetR6_2 Pin=U1-6
Added Net: Name=NetR6_2
Added Pin To Net: NetName=NetR7_2 Pin=R7-2
Added Pin To Net: NetName=NetR7_2 Pin=U1-9
Added Net: Name=NetR7_2
Added Pin To Net: NetName=NetR8_2 Pin=R8-2
Added Pin To Net: NetName=NetR8_2 Pin=U1-13
Added Net: Name=NetR8_2
Added Pin To Net: NetName=NetR17_2 Pin=R17-2
Added Pin To Net: NetName=NetR17_2 Pin=U2-2
Added Net: Name=NetR17_2
Added Pin To Net: NetName=NetR18_2 Pin=R18-2
Added Pin To Net: NetName=NetR18_2 Pin=U2-6
Added Net: Name=NetR18_2
Added Pin To Net: NetName=NetR19_2 Pin=R19-2
Added Pin To Net: NetName=NetR19_2 Pin=U2-9
Added Net: Name=NetR19_2
Added Pin To Net: NetName=NetR20_2 Pin=R20-2
Added Pin To Net: NetName=NetR20_2 Pin=U2-13
Added Net: Name=NetR20_2
Added Member To Class: ClassName=PCByuanlitu Member=Component C1 220nF
Added Member To Class: ClassName=PCByuanlitu Member=Component C2 220nF
Added Member To Class: ClassName=PCByuanlitu Member=Component C3 220nF
Added Member To Class: ClassName=PCByuanlitu Member=Component C4 220nF
Added Member To Class: ClassName=PCByuanlitu Member=Component C5 1nF
Added Member To Class: ClassName=PCByuanlitu Member=Component C6 1nF
Added Member To Class: ClassName=PCByuanlitu Member=Component C7 1nF
Added Member To Class: ClassName=PCByuanlitu Member=Component C8 1nF
Added Member To Class: ClassName=PCByuanlitu Member=Component C9 220nF
Added Member To Class: ClassName=PCByuanlitu Member=Component C10 220nF
Added Member To Class: ClassName=PCByuanlitu Member=Component C11 220nF
Added Member To Class: ClassName=PCByuanlitu Member=Component C12 220nF
Added Member To Class: ClassName=PCByuanlitu Member=Component C13 1nF
Added Member To Class: ClassName=PCByuanlitu Member=Component C14 1nF
Added Member To Class: ClassName=PCByuanlitu Member=Component C15 1nF
Added Member To Class: ClassName=PCByuanlitu Member=Component C16 1nF
Added Member To Class: ClassName=PCByuanlitu Member=Component J1 CON8
Added Member To Class: ClassName=PCByuanlitu Member=Component J2 CON6
Added Member To Class: ClassName=PCByuanlitu Member=Component R1 33
Added Member To Class: ClassName=PCByuanlitu Member=Component R2 33
Added Member To Class: ClassName=PCByuanlitu Member=Component R3 33
Added Member To Class: ClassName=PCByuanlitu Member=Component R4 33
Added Member To Class: ClassName=PCByuanlitu Member=Component R5 1K
Added Member To Class: ClassName=PCByuanlitu Member=Component R6 1K
Added Member To Class: ClassName=PCByuanlitu Member=Component R7 1K
Added Member To Class: ClassName=PCByuanlitu Member=Component R8 1K
Added Member To Class: ClassName=PCByuanlitu Member=Component R9 100M
Added Member To Class: ClassName=PCByuanlitu Member=Component R10 100M
Added Member To Class: ClassName=PCByuanlitu Member=Component R11 100M
Added Member To Class: ClassName=PCByuanlitu Member=Component R12 100M
Added Member To Class: ClassName=PCByuanlitu Member=Component R13 33
Added Member To Class: ClassName=PCByuanlitu Member=Component R14 33
Added Member To Class: ClassName=PCByuanlitu Member=Component R15 33
Added Member To Class: ClassName=PCByuanlitu Member=Component R16 33
Added Member To Class: ClassName=PCByuanlitu Member=Component R17 1K
Added Member To Class: ClassName=PCByuanlitu Member=Component R18 1K
Added Member To Class: ClassName=PCByuanlitu Member=Component R19 1K
Added Member To Class: ClassName=PCByuanlitu Member=Component R20 1K
Added Member To Class: ClassName=PCByuanlitu Member=Component R21 100M
Added Member To Class: ClassName=PCByuanlitu Member=Component R22 100M
Added Member To Class: ClassName=PCByuanlitu Member=Component R23 100M
Added Member To Class: ClassName=PCByuanlitu Member=Component R24 100M
Added Member To Class: ClassName=PCByuanlitu Member=Component U1 LM324ADR
Added Member To Class: ClassName=PCByuanlitu Member=Component U2 LM324ADR
Added Member To Class: ClassName=PCByuanlitu Member=Component U3 CD4051BCM
Added Room: Name=PCByuanlitu
