Removed Pin From Net: NetName=In_1 Pin=J1-1
Removed Pin From Net: NetName=In_2 Pin=J1-2
Removed Pin From Net: NetName=In_3 Pin=J1-3
Removed Pin From Net: NetName=In_4 Pin=J1-4
Removed Pin From Net: NetName=In_5 Pin=J1-5
Removed Pin From Net: NetName=In_6 Pin=J1-6
Removed Pin From Net: NetName=In_7 Pin=J1-7
Removed Pin From Net: NetName=In_8 Pin=J1-8
Removed Pin From Net: NetName=Address_A Pin=J2-1
Removed Pin From Net: NetName=Address_B Pin=J2-2
Removed Pin From Net: NetName=Address_C Pin=J2-3
Removed Pin From Net: NetName=+5 Pin=J2-4
Removed Pin From Net: NetName=GND Pin=J2-5
Removed Pin From Net: NetName=Common_Out Pin=J2-6
Added Component: Designator=P1(HDR1X8)
Add component. Clean all parameters for all variants
Add component (AddParameter): Name = "LatestRevisionDate"; Value = "17-Jul-2002"; VariantName = "[No Variations]"
Add component (AddParameter): Name = "LatestRevisionNote"; Value = "Re-released for DXP Platform."; VariantName = "[No Variations]"
Add component (AddParameter): Name = "Publisher"; Value = "Altium Limited"; VariantName = "[No Variations]"
Added Component: Designator=P2(HDR1X6)
Add component. Clean all parameters for all variants
Add component (AddParameter): Name = "LatestRevisionDate"; Value = "17-Jul-2002"; VariantName = "[No Variations]"
Add component (AddParameter): Name = "LatestRevisionNote"; Value = "Re-released for DXP Platform."; VariantName = "[No Variations]"
Add component (AddParameter): Name = "Publisher"; Value = "Altium Limited"; VariantName = "[No Variations]"
Added Pin To Net: NetName=In_1 Pin=P1-1
Added Pin To Net: NetName=In_2 Pin=P1-2
Added Pin To Net: NetName=In_3 Pin=P1-3
Added Pin To Net: NetName=In_4 Pin=P1-4
Added Pin To Net: NetName=In_5 Pin=P1-5
Added Pin To Net: NetName=In_6 Pin=P1-6
Added Pin To Net: NetName=In_7 Pin=P1-7
Added Pin To Net: NetName=In_8 Pin=P1-8
Added Pin To Net: NetName=Address_A Pin=P2-1
Added Pin To Net: NetName=Address_B Pin=P2-2
Added Pin To Net: NetName=Address_C Pin=P2-3
Added Pin To Net: NetName=+5 Pin=P2-4
Added Pin To Net: NetName=GND Pin=P2-5
Added Pin To Net: NetName=Common_Out Pin=P2-6
Added Member To Class: ClassName=PCByuanlitu Member=Component P1 Header 8
Added Member To Class: ClassName=PCByuanlitu Member=Component P2 Header 6
Added Room: Name=PCByuanlitu
