Added Component: Designator=J1(34P)
Add component. Clean all parameters for all variants
Added Component: Designator=J2(34P)
Add component. Clean all parameters for all variants
Added Component: Designator=J3(10P)
Add component. Clean all parameters for all variants
Added Component: Designator=J4(10P)
Add component. Clean all parameters for all variants
Added Component: Designator=J5(10P)
Add component. Clean all parameters for all variants
Added Component: Designator=J6(10P)
Add component. Clean all parameters for all variants
Added Component: Designator=J7(10P)
Add component. Clean all parameters for all variants
Added Component: Designator=J8(10P)
Add component. Clean all parameters for all variants
Added Component: Designator=J9(10P)
Add component. Clean all parameters for all variants
Added Component: Designator=J10(10P)
Add component. Clean all parameters for all variants
Added Component: Designator=J11(10P)
Add component. Clean all parameters for all variants
Added Pin To Net: NetName=GND Pin=J3-1
Added Pin To Net: NetName=GND Pin=J3-10
Added Pin To Net: NetName=GND Pin=J4-1
Added Pin To Net: NetName=GND Pin=J4-10
Added Pin To Net: NetName=GND Pin=J5-1
Added Pin To Net: NetName=GND Pin=J5-10
Added Pin To Net: NetName=GND Pin=J6-1
Added Pin To Net: NetName=GND Pin=J6-10
Added Pin To Net: NetName=GND Pin=J7-1
Added Pin To Net: NetName=GND Pin=J7-10
Added Pin To Net: NetName=GND Pin=J8-1
Added Pin To Net: NetName=GND Pin=J8-10
Added Pin To Net: NetName=GND Pin=J9-1
Added Pin To Net: NetName=GND Pin=J9-10
Added Pin To Net: NetName=GND Pin=J10-1
Added Pin To Net: NetName=GND Pin=J10-10
Added Pin To Net: NetName=GND Pin=J11-1
Added Pin To Net: NetName=GND Pin=J11-10
Added Net: Name=GND
Added Pin To Net: NetName=NetJ1_1 Pin=J1-1
Added Pin To Net: NetName=NetJ1_1 Pin=J3-2
Added Net: Name=NetJ1_1
Added Pin To Net: NetName=NetJ1_2 Pin=J1-2
Added Pin To Net: NetName=NetJ1_2 Pin=J3-3
Added Net: Name=NetJ1_2
Added Pin To Net: NetName=NetJ1_3 Pin=J1-3
Added Pin To Net: NetName=NetJ1_3 Pin=J3-4
Added Net: Name=NetJ1_3
Added Pin To Net: NetName=NetJ1_4 Pin=J1-4
Added Pin To Net: NetName=NetJ1_4 Pin=J3-5
Added Net: Name=NetJ1_4
Added Pin To Net: NetName=NetJ1_5 Pin=J1-5
Added Pin To Net: NetName=NetJ1_5 Pin=J3-6
Added Net: Name=NetJ1_5
Added Pin To Net: NetName=NetJ1_6 Pin=J1-6
Added Pin To Net: NetName=NetJ1_6 Pin=J3-7
Added Net: Name=NetJ1_6
Added Pin To Net: NetName=NetJ1_7 Pin=J1-7
Added Pin To Net: NetName=NetJ1_7 Pin=J3-8
Added Net: Name=NetJ1_7
Added Pin To Net: NetName=NetJ1_8 Pin=J1-8
Added Pin To Net: NetName=NetJ1_8 Pin=J3-9
Added Net: Name=NetJ1_8
Added Pin To Net: NetName=NetJ1_9 Pin=J1-9
Added Pin To Net: NetName=NetJ1_9 Pin=J4-2
Added Net: Name=NetJ1_9
Added Pin To Net: NetName=NetJ1_10 Pin=J1-10
Added Pin To Net: NetName=NetJ1_10 Pin=J4-3
Added Net: Name=NetJ1_10
Added Pin To Net: NetName=NetJ1_11 Pin=J1-11
Added Pin To Net: NetName=NetJ1_11 Pin=J4-4
Added Net: Name=NetJ1_11
Added Pin To Net: NetName=NetJ1_12 Pin=J1-12
Added Pin To Net: NetName=NetJ1_12 Pin=J4-5
Added Net: Name=NetJ1_12
Added Pin To Net: NetName=NetJ1_13 Pin=J1-13
Added Pin To Net: NetName=NetJ1_13 Pin=J4-6
Added Net: Name=NetJ1_13
Added Pin To Net: NetName=NetJ1_14 Pin=J1-14
Added Pin To Net: NetName=NetJ1_14 Pin=J4-7
Added Net: Name=NetJ1_14
Added Pin To Net: NetName=NetJ1_15 Pin=J1-15
Added Pin To Net: NetName=NetJ1_15 Pin=J4-8
Added Net: Name=NetJ1_15
Added Pin To Net: NetName=NetJ1_16 Pin=J1-16
Added Pin To Net: NetName=NetJ1_16 Pin=J4-9
Added Net: Name=NetJ1_16
Added Pin To Net: NetName=NetJ1_17 Pin=J1-17
Added Pin To Net: NetName=NetJ1_17 Pin=J5-2
Added Net: Name=NetJ1_17
Added Pin To Net: NetName=NetJ1_18 Pin=J1-18
Added Pin To Net: NetName=NetJ1_18 Pin=J5-3
Added Net: Name=NetJ1_18
Added Pin To Net: NetName=NetJ1_19 Pin=J1-19
Added Pin To Net: NetName=NetJ1_19 Pin=J5-4
Added Net: Name=NetJ1_19
Added Pin To Net: NetName=NetJ1_20 Pin=J1-20
Added Pin To Net: NetName=NetJ1_20 Pin=J5-5
Added Net: Name=NetJ1_20
Added Pin To Net: NetName=NetJ1_21 Pin=J1-21
Added Pin To Net: NetName=NetJ1_21 Pin=J5-6
Added Net: Name=NetJ1_21
Added Pin To Net: NetName=NetJ1_22 Pin=J1-22
Added Pin To Net: NetName=NetJ1_22 Pin=J5-7
Added Net: Name=NetJ1_22
Added Pin To Net: NetName=NetJ1_23 Pin=J1-23
Added Pin To Net: NetName=NetJ1_23 Pin=J5-8
Added Net: Name=NetJ1_23
Added Pin To Net: NetName=NetJ1_24 Pin=J1-24
Added Pin To Net: NetName=NetJ1_24 Pin=J5-9
Added Net: Name=NetJ1_24
Added Pin To Net: NetName=NetJ1_25 Pin=J1-25
Added Pin To Net: NetName=NetJ1_25 Pin=J6-2
Added Net: Name=NetJ1_25
Added Pin To Net: NetName=NetJ1_26 Pin=J1-26
Added Pin To Net: NetName=NetJ1_26 Pin=J6-3
Added Net: Name=NetJ1_26
Added Pin To Net: NetName=NetJ1_27 Pin=J1-27
Added Pin To Net: NetName=NetJ1_27 Pin=J6-4
Added Net: Name=NetJ1_27
Added Pin To Net: NetName=NetJ1_28 Pin=J1-28
Added Pin To Net: NetName=NetJ1_28 Pin=J6-5
Added Net: Name=NetJ1_28
Added Pin To Net: NetName=NetJ1_29 Pin=J1-29
Added Pin To Net: NetName=NetJ1_29 Pin=J6-6
Added Net: Name=NetJ1_29
Added Pin To Net: NetName=NetJ1_30 Pin=J1-30
Added Pin To Net: NetName=NetJ1_30 Pin=J6-7
Added Net: Name=NetJ1_30
Added Pin To Net: NetName=NetJ1_31 Pin=J1-31
Added Pin To Net: NetName=NetJ1_31 Pin=J6-8
Added Net: Name=NetJ1_31
Added Pin To Net: NetName=NetJ1_32 Pin=J1-32
Added Pin To Net: NetName=NetJ1_32 Pin=J6-9
Added Net: Name=NetJ1_32
Added Pin To Net: NetName=NetJ1_33 Pin=J1-33
Added Pin To Net: NetName=NetJ1_33 Pin=J7-2
Added Net: Name=NetJ1_33
Added Pin To Net: NetName=NetJ2_1 Pin=J2-1
Added Pin To Net: NetName=NetJ2_1 Pin=J7-3
Added Net: Name=NetJ2_1
Added Pin To Net: NetName=NetJ2_2 Pin=J2-2
Added Pin To Net: NetName=NetJ2_2 Pin=J7-4
Added Net: Name=NetJ2_2
Added Pin To Net: NetName=NetJ2_3 Pin=J2-3
Added Pin To Net: NetName=NetJ2_3 Pin=J7-5
Added Net: Name=NetJ2_3
Added Pin To Net: NetName=NetJ2_4 Pin=J2-4
Added Pin To Net: NetName=NetJ2_4 Pin=J7-6
Added Net: Name=NetJ2_4
Added Pin To Net: NetName=NetJ2_5 Pin=J2-5
Added Pin To Net: NetName=NetJ2_5 Pin=J7-7
Added Net: Name=NetJ2_5
Added Pin To Net: NetName=NetJ2_6 Pin=J2-6
Added Pin To Net: NetName=NetJ2_6 Pin=J7-8
Added Net: Name=NetJ2_6
Added Pin To Net: NetName=NetJ2_7 Pin=J2-7
Added Pin To Net: NetName=NetJ2_7 Pin=J7-9
Added Net: Name=NetJ2_7
Added Pin To Net: NetName=NetJ2_8 Pin=J2-8
Added Pin To Net: NetName=NetJ2_8 Pin=J8-2
Added Net: Name=NetJ2_8
Added Pin To Net: NetName=NetJ2_9 Pin=J2-9
Added Pin To Net: NetName=NetJ2_9 Pin=J8-3
Added Net: Name=NetJ2_9
Added Pin To Net: NetName=NetJ2_10 Pin=J2-10
Added Pin To Net: NetName=NetJ2_10 Pin=J8-4
Added Net: Name=NetJ2_10
Added Pin To Net: NetName=NetJ2_11 Pin=J2-11
Added Pin To Net: NetName=NetJ2_11 Pin=J8-5
Added Net: Name=NetJ2_11
Added Pin To Net: NetName=NetJ2_12 Pin=J2-12
Added Pin To Net: NetName=NetJ2_12 Pin=J8-6
Added Net: Name=NetJ2_12
Added Pin To Net: NetName=NetJ2_13 Pin=J2-13
Added Pin To Net: NetName=NetJ2_13 Pin=J8-7
Added Net: Name=NetJ2_13
Added Pin To Net: NetName=NetJ2_14 Pin=J2-14
Added Pin To Net: NetName=NetJ2_14 Pin=J8-8
Added Net: Name=NetJ2_14
Added Pin To Net: NetName=NetJ2_15 Pin=J2-15
Added Pin To Net: NetName=NetJ2_15 Pin=J8-9
Added Net: Name=NetJ2_15
Added Pin To Net: NetName=NetJ2_16 Pin=J2-16
Added Pin To Net: NetName=NetJ2_16 Pin=J9-2
Added Net: Name=NetJ2_16
Added Pin To Net: NetName=NetJ2_17 Pin=J2-17
Added Pin To Net: NetName=NetJ2_17 Pin=J9-3
Added Net: Name=NetJ2_17
Added Pin To Net: NetName=NetJ2_18 Pin=J2-18
Added Pin To Net: NetName=NetJ2_18 Pin=J9-4
Added Net: Name=NetJ2_18
Added Pin To Net: NetName=NetJ2_19 Pin=J2-19
Added Pin To Net: NetName=NetJ2_19 Pin=J9-5
Added Net: Name=NetJ2_19
Added Pin To Net: NetName=NetJ2_20 Pin=J2-20
Added Pin To Net: NetName=NetJ2_20 Pin=J9-6
Added Net: Name=NetJ2_20
Added Pin To Net: NetName=NetJ2_21 Pin=J2-21
Added Pin To Net: NetName=NetJ2_21 Pin=J9-7
Added Net: Name=NetJ2_21
Added Pin To Net: NetName=NetJ2_22 Pin=J2-22
Added Pin To Net: NetName=NetJ2_22 Pin=J9-8
Added Net: Name=NetJ2_22
Added Pin To Net: NetName=NetJ2_23 Pin=J2-23
Added Pin To Net: NetName=NetJ2_23 Pin=J9-9
Added Net: Name=NetJ2_23
Added Pin To Net: NetName=NetJ2_24 Pin=J2-24
Added Pin To Net: NetName=NetJ2_24 Pin=J10-2
Added Net: Name=NetJ2_24
Added Pin To Net: NetName=NetJ2_25 Pin=J2-25
Added Pin To Net: NetName=NetJ2_25 Pin=J10-3
Added Net: Name=NetJ2_25
Added Pin To Net: NetName=NetJ2_26 Pin=J2-26
Added Pin To Net: NetName=NetJ2_26 Pin=J10-4
Added Net: Name=NetJ2_26
Added Pin To Net: NetName=NetJ2_27 Pin=J2-27
Added Pin To Net: NetName=NetJ2_27 Pin=J10-5
Added Net: Name=NetJ2_27
Added Pin To Net: NetName=NetJ2_28 Pin=J2-28
Added Pin To Net: NetName=NetJ2_28 Pin=J10-6
Added Net: Name=NetJ2_28
Added Pin To Net: NetName=NetJ2_29 Pin=J2-29
Added Pin To Net: NetName=NetJ2_29 Pin=J10-7
Added Net: Name=NetJ2_29
Added Pin To Net: NetName=NetJ2_30 Pin=J2-30
Added Pin To Net: NetName=NetJ2_30 Pin=J10-8
Added Net: Name=NetJ2_30
Added Pin To Net: NetName=NetJ2_31 Pin=J2-31
Added Pin To Net: NetName=NetJ2_31 Pin=J10-9
Added Net: Name=NetJ2_31
Added Pin To Net: NetName=NetJ2_32 Pin=J2-32
Added Pin To Net: NetName=NetJ2_32 Pin=J11-2
Added Net: Name=NetJ2_32
Added Pin To Net: NetName=NetJ2_33 Pin=J2-33
Added Pin To Net: NetName=NetJ2_33 Pin=J11-3
Added Net: Name=NetJ2_33
Added Pin To Net: NetName=NetJ2_34 Pin=J2-34
Added Pin To Net: NetName=NetJ2_34 Pin=J11-4
Added Net: Name=NetJ2_34
Added Pin To Net: NetName=NetJ2_35 Pin=J11-5
Added Net: Name=NetJ2_35
Added Pin To Net: NetName=NetJ2_36 Pin=J11-6
Added Net: Name=NetJ2_36
Added Pin To Net: NetName=NetJ2_37 Pin=J11-7
Added Net: Name=NetJ2_37
Added Pin To Net: NetName=NetJ2_38 Pin=J11-8
Added Net: Name=NetJ2_38
Added Pin To Net: NetName=NetJ2_39 Pin=J11-9
Added Net: Name=NetJ2_39
Added Class: Name=Sheet1
Added Room: Name=Sheet1
